-------------------------------------------------------------------------------
Test set: com.lab8.spring.cloud.config.server.SpringCloudConfigServerApplicationTests
-------------------------------------------------------------------------------
Tests run: 1, Failures: 0, Errors: 1, Skipped: 0, Time elapsed: 0.009 s <<< FAILURE! - in com.lab8.spring.cloud.config.server.SpringCloudConfigServerApplicationTests
contextLoads(com.lab8.spring.cloud.config.server.SpringCloudConfigServerApplicationTests)  Time elapsed: 0 s  <<< ERROR!
java.lang.NoSuchMethodError: org.springframework.boot.builder.SpringApplicationBuilder.<init>([Ljava/lang/Object;)V

