<?xml version="1.0" encoding="UTF-8"?>
<testsuite xmlns:xsi="http://www.w3.org/2001/XMLSchema-instance" xsi:noNamespaceSchemaLocation="https://maven.apache.org/surefire/maven-surefire-plugin/xsd/surefire-test-report.xsd" name="com.lab8.zipkin.server.SpringCloudConfigServerApplicationTests" time="3.286" tests="1" errors="1" skipped="0" failures="0">
  <properties>
[...]
</properties>
  <testcase name="contextLoads" classname="com.lab8.zipkin.server.SpringCloudConfigServerApplicationTests" time="0.011">
    <error message="org.springframework.boot.builder.SpringApplicationBuilder.&lt;init&gt;([Ljava/lang/Object;)V" type="java.lang.NoSuchMethodError"><![CDATA[java.lang.NoSuchMethodError: org.springframework.boot.builder.SpringApplicationBuilder.<init>([Ljava/lang/Object;)V
]]></error>
    <system-out><![CDATA[23:37:45.765 [main] DEBUG org.springframework.test.context.junit4.SpringJUnit4ClassRunner - SpringJUnit4ClassRunner constructor called with [class com.lab8.zipkin.server.SpringCloudConfigServerApplicationTests]
23:37:45.783 [main] DEBUG org.springframework.test.context.BootstrapUtils - Instantiating CacheAwareContextLoaderDelegate from class [org.springframework.test.context.cache.DefaultCacheAwareContextLoaderDelegate]
23:37:45.804 [main] DEBUG org.springframework.test.context.BootstrapUtils - Instantiating BootstrapContext using constructor [public org.springframework.test.context.support.DefaultBootstrapContext(java.lang.Class,org.springframework.test.context.CacheAwareContextLoaderDelegate)]
23:37:45.838 [main] DEBUG org.springframework.test.context.BootstrapUtils - Instantiating TestContextBootstrapper for test class [com.lab8.zipkin.server.SpringCloudConfigServerApplicationTests] from class [org.springframework.boot.test.context.SpringBootTestContextBootstrapper]
23:37:45.870 [main] INFO org.springframework.boot.test.context.SpringBootTestContextBootstrapper - Neither @ContextConfiguration nor @ContextHierarchy found for test class [com.lab8.zipkin.server.SpringCloudConfigServerApplicationTests], using SpringBootContextLoader
23:37:45.877 [main] DEBUG org.springframework.test.context.support.AbstractContextLoader - Did not detect default resource location for test class [com.lab8.zipkin.server.SpringCloudConfigServerApplicationTests]: class path resource [com/lab8/zipkin/server/SpringCloudConfigServerApplicationTests-context.xml] does not exist
23:37:45.878 [main] DEBUG org.springframework.test.context.support.AbstractContextLoader - Did not detect default resource location for test class [com.lab8.zipkin.server.SpringCloudConfigServerApplicationTests]: class path resource [com/lab8/zipkin/server/SpringCloudConfigServerApplicationTestsContext.groovy] does not exist
23:37:45.878 [main] INFO org.springframework.test.context.support.AbstractContextLoader - Could not detect default resource locations for test class [com.lab8.zipkin.server.SpringCloudConfigServerApplicationTests]: no resource found for suffixes {-context.xml, Context.groovy}.
23:37:45.881 [main] INFO org.springframework.test.context.support.AnnotationConfigContextLoaderUtils - Could not detect default configuration classes for test class [com.lab8.zipkin.server.SpringCloudConfigServerApplicationTests]: SpringCloudConfigServerApplicationTests does not declare any static, non-private, non-final, nested classes annotated with @Configuration.
23:37:46.061 [main] DEBUG org.springframework.test.context.support.ActiveProfilesUtils - Could not find an 'annotation declaring class' for annotation type [org.springframework.test.context.ActiveProfiles] and class [com.lab8.zipkin.server.SpringCloudConfigServerApplicationTests]
23:37:46.092 [main] DEBUG org.springframework.core.env.StandardEnvironment - Adding PropertySource 'systemProperties' with lowest search precedence
23:37:46.093 [main] DEBUG org.springframework.core.env.StandardEnvironment - Adding PropertySource 'systemEnvironment' with lowest search precedence
23:37:46.094 [main] DEBUG org.springframework.core.env.StandardEnvironment - Initialized StandardEnvironment with PropertySources [MapPropertySource@905735620 {name='systemProperties', properties={idea.version=2018.1.4, java.runtime.name=Java(TM) SE Runtime Environment, sun.boot.library.path=/Library/Java/JavaVirtualMachines/jdk1.8.0_172.jdk/Contents/Home/jre/lib, java.vm.version=25.172-b11, gopherProxySet=false, java.vm.vendor=Oracle Corporation, java.vendor.url=http://java.oracle.com/, path.separator=:, java.vm.name=Java HotSpot(TM) 64-Bit Server VM, file.encoding.pkg=sun.io, user.country=BR, sun.java.launcher=SUN_STANDARD, sun.os.patch.level=unknown, java.vm.specification.name=Java Virtual Machine Specification, user.dir=/Users/davidpetro/Documents/courses/java/java-playground/spring/cloud/lab-8/zipkin-server, java.runtime.version=1.8.0_172-b11, basedir=/Users/davidpetro/Documents/courses/java/java-playground/spring/cloud/lab-8/zipkin-server, java.awt.graphicsenv=sun.awt.CGraphicsEnvironment, java.endorsed.dirs=/Library/Java/JavaVirtualMachines/jdk1.8.0_172.jdk/Contents/Home/jre/lib/endorsed, os.arch=x86_64, surefire.real.class.path=/Users/davidpetro/Documents/courses/java/java-playground/spring/cloud/lab-8/zipkin-server/target/surefire/surefirebooter1214563769581427680.jar, java.io.tmpdir=/var/folders/52/w4ftptf55bd78htrhz51xnbw0000gn/T/, line.separator=
, java.vm.specification.vendor=Oracle Corporation, os.name=Mac OS X, sun.jnu.encoding=UTF-8, java.library.path=/Users/davidpetro/Library/Java/Extensions:/Library/Java/Extensions:/Network/Library/Java/Extensions:/System/Library/Java/Extensions:/usr/lib/java:., surefire.test.class.path=/Users/davidpetro/Documents/courses/java/java-playground/spring/cloud/lab-8/zipkin-server/target/test-classes:/Users/davidpetro/Documents/courses/java/java-playground/spring/cloud/lab-8/zipkin-server/target/classes:/Users/davidpetro/.m2/repository/org/springframework/cloud/spring-cloud-config-server/1.3.4.RELEASE/spring-cloud-config-server-1.3.4.RELEASE.jar:/Users/davidpetro/.m2/repository/org/springframework/cloud/spring-cloud-config-client/1.3.4.RELEASE/spring-cloud-config-client-1.3.4.RELEASE.jar:/Users/davidpetro/.m2/repository/org/springframework/cloud/spring-cloud-commons/1.2.5.RELEASE/spring-cloud-commons-1.2.5.RELEASE.jar:/Users/davidpetro/.m2/repository/org/springframework/cloud/spring-cloud-context/1.2.5.RELEASE/spring-cloud-context-1.2.5.RELEASE.jar:/Users/davidpetro/.m2/repository/org/springframework/spring-web/5.0.4.RELEASE/spring-web-5.0.4.RELEASE.jar:/Users/davidpetro/.m2/repository/org/springframework/spring-beans/5.0.4.RELEASE/spring-beans-5.0.4.RELEASE.jar:/Users/davidpetro/.m2/repository/com/fasterxml/jackson/core/jackson-annotations/2.9.0/jackson-annotations-2.9.0.jar:/Users/davidpetro/.m2/repository/com/fasterxml/jackson/core/jackson-databind/2.9.4/jackson-databind-2.9.4.jar:/Users/davidpetro/.m2/repository/org/springframework/boot/spring-boot-starter-actuator/2.0.0.RELEASE/spring-boot-starter-actuator-2.0.0.RELEASE.jar:/Users/davidpetro/.m2/repository/org/springframework/boot/spring-boot-actuator-autoconfigure/2.0.0.RELEASE/spring-boot-actuator-autoconfigure-2.0.0.RELEASE.jar:/Users/davidpetro/.m2/repository/org/springframework/boot/spring-boot-actuator/2.0.0.RELEASE/spring-boot-actuator-2.0.0.RELEASE.jar:/Users/davidpetro/.m2/repository/org/springframework/spring-context/5.0.4.RELEASE/spring-context-5.0.4.RELEASE.jar:/Users/davidpetro/.m2/repository/com/fasterxml/jackson/datatype/jackson-datatype-jsr310/2.9.4/jackson-datatype-jsr310-2.9.4.jar:/Users/davidpetro/.m2/repository/io/micrometer/micrometer-core/1.0.1/micrometer-core-1.0.1.jar:/Users/davidpetro/.m2/repository/org/hdrhistogram/HdrHistogram/2.1.10/HdrHistogram-2.1.10.jar:/Users/davidpetro/.m2/repository/org/latencyutils/LatencyUtils/2.0.3/LatencyUtils-2.0.3.jar:/Users/davidpetro/.m2/repository/org/springframework/boot/spring-boot-starter-web/2.0.0.RELEASE/spring-boot-starter-web-2.0.0.RELEASE.jar:/Users/davidpetro/.m2/repository/org/springframework/boot/spring-boot-starter-json/2.0.0.RELEASE/spring-boot-starter-json-2.0.0.RELEASE.jar:/Users/davidpetro/.m2/repository/com/fasterxml/jackson/datatype/jackson-datatype-jdk8/2.9.4/jackson-datatype-jdk8-2.9.4.jar:/Users/davidpetro/.m2/repository/com/fasterxml/jackson/module/jackson-module-parameter-names/2.9.4/jackson-module-parameter-names-2.9.4.jar:/Users/davidpetro/.m2/repository/org/springframework/boot/spring-boot-starter-tomcat/2.0.0.RELEASE/spring-boot-starter-tomcat-2.0.0.RELEASE.jar:/Users/davidpetro/.m2/repository/org/apache/tomcat/embed/tomcat-embed-core/8.5.28/tomcat-embed-core-8.5.28.jar:/Users/davidpetro/.m2/repository/org/apache/tomcat/embed/tomcat-embed-el/8.5.28/tomcat-embed-el-8.5.28.jar:/Users/davidpetro/.m2/repository/org/apache/tomcat/embed/tomcat-embed-websocket/8.5.28/tomcat-embed-websocket-8.5.28.jar:/Users/davidpetro/.m2/repository/org/hibernate/validator/hibernate-validator/6.0.7.Final/hibernate-validator-6.0.7.Final.jar:/Users/davidpetro/.m2/repository/javax/validation/validation-api/2.0.1.Final/validation-api-2.0.1.Final.jar:/Users/davidpetro/.m2/repository/org/jboss/logging/jboss-logging/3.3.2.Final/jboss-logging-3.3.2.Final.jar:/Users/davidpetro/.m2/repository/com/fasterxml/classmate/1.3.4/classmate-1.3.4.jar:/Users/davidpetro/.m2/repository/org/springframework/spring-webmvc/5.0.4.RELEASE/spring-webmvc-5.0.4.RELEASE.jar:/Users/davidpetro/.m2/repository/org/springframework/spring-aop/5.0.4.RELEASE/spring-aop-5.0.4.RELEASE.jar:/Users/davidpetro/.m2/repository/org/springframework/spring-expression/5.0.4.RELEASE/spring-expression-5.0.4.RELEASE.jar:/Users/davidpetro/.m2/repository/org/springframework/security/spring-security-crypto/5.0.3.RELEASE/spring-security-crypto-5.0.3.RELEASE.jar:/Users/davidpetro/.m2/repository/org/springframework/security/spring-security-rsa/1.0.3.RELEASE/spring-security-rsa-1.0.3.RELEASE.jar:/Users/davidpetro/.m2/repository/org/bouncycastle/bcpkix-jdk15on/1.55/bcpkix-jdk15on-1.55.jar:/Users/davidpetro/.m2/repository/org/bouncycastle/bcprov-jdk15on/1.55/bcprov-jdk15on-1.55.jar:/Users/davidpetro/.m2/repository/org/eclipse/jgit/org.eclipse.jgit/3.6.1.201501031845-r/org.eclipse.jgit-3.6.1.201501031845-r.jar:/Users/davidpetro/.m2/repository/com/jcraft/jsch/0.1.54/jsch-0.1.54.jar:/Users/davidpetro/.m2/repository/com/googlecode/javaewah/JavaEWAH/0.7.9/JavaEWAH-0.7.9.jar:/Users/davidpetro/.m2/repository/org/apache/httpcomponents/httpclient/4.5.5/httpclient-4.5.5.jar:/Users/davidpetro/.m2/repository/org/apache/httpcomponents/httpcore/4.4.9/httpcore-4.4.9.jar:/Users/davidpetro/.m2/repository/commons-codec/commons-codec/1.11/commons-codec-1.11.jar:/Users/davidpetro/.m2/repository/org/yaml/snakeyaml/1.19/snakeyaml-1.19.jar:/Users/davidpetro/.m2/repository/org/springframework/cloud/spring-cloud-starter-eureka/1.3.6.RELEASE/spring-cloud-starter-eureka-1.3.6.RELEASE.jar:/Users/davidpetro/.m2/repository/org/springframework/cloud/spring-cloud-starter/1.2.5.RELEASE/spring-cloud-starter-1.2.5.RELEASE.jar:/Users/davidpetro/.m2/repository/org/springframework/cloud/spring-cloud-netflix-core/1.3.6.RELEASE/spring-cloud-netflix-core-1.3.6.RELEASE.jar:/Users/davidpetro/.m2/repository/org/springframework/boot/spring-boot/2.0.0.RELEASE/spring-boot-2.0.0.RELEASE.jar:/Users/davidpetro/.m2/repository/org/springframework/cloud/spring-cloud-netflix-eureka-client/1.3.6.RELEASE/spring-cloud-netflix-eureka-client-1.3.6.RELEASE.jar:/Users/davidpetro/.m2/repository/com/netflix/eureka/eureka-client/1.6.2/eureka-client-1.6.2.jar:/Users/davidpetro/.m2/repository/org/codehaus/jettison/jettison/1.3.7/jettison-1.3.7.jar:/Users/davidpetro/.m2/repository/stax/stax-api/1.0.1/stax-api-1.0.1.jar:/Users/davidpetro/.m2/repository/com/netflix/netflix-commons/netflix-eventbus/0.3.0/netflix-eventbus-0.3.0.jar:/Users/davidpetro/.m2/repository/com/netflix/netflix-commons/netflix-infix/0.3.0/netflix-infix-0.3.0.jar:/Users/davidpetro/.m2/repository/commons-jxpath/commons-jxpath/1.3/commons-jxpath-1.3.jar:/Users/davidpetro/.m2/repository/joda-time/joda-time/2.9.9/joda-time-2.9.9.jar:/Users/davidpetro/.m2/repository/org/antlr/antlr-runtime/3.4/antlr-runtime-3.4.jar:/Users/davidpetro/.m2/repository/org/antlr/stringtemplate/3.2.1/stringtemplate-3.2.1.jar:/Users/davidpetro/.m2/repository/antlr/antlr/2.7.7/antlr-2.7.7.jar:/Users/davidpetro/.m2/repository/com/google/code/gson/gson/2.8.2/gson-2.8.2.jar:/Users/davidpetro/.m2/repository/org/apache/commons/commons-math/2.2/commons-math-2.2.jar:/Users/davidpetro/.m2/repository/com/netflix/archaius/archaius-core/0.7.4/archaius-core-0.7.4.jar:/Users/davidpetro/.m2/repository/javax/ws/rs/jsr311-api/1.1.1/jsr311-api-1.1.1.jar:/Users/davidpetro/.m2/repository/com/netflix/servo/servo-core/0.10.1/servo-core-0.10.1.jar:/Users/davidpetro/.m2/repository/com/netflix/servo/servo-internal/0.10.1/servo-internal-0.10.1.jar:/Users/davidpetro/.m2/repository/com/sun/jersey/jersey-core/1.19.1/jersey-core-1.19.1.jar:/Users/davidpetro/.m2/repository/com/sun/jersey/jersey-client/1.19.1/jersey-client-1.19.1.jar:/Users/davidpetro/.m2/repository/com/sun/jersey/contribs/jersey-apache-client4/1.19.1/jersey-apache-client4-1.19.1.jar:/Users/davidpetro/.m2/repository/com/google/inject/guice/4.1.0/guice-4.1.0.jar:/Users/davidpetro/.m2/repository/javax/inject/javax.inject/1/javax.inject-1.jar:/Users/davidpetro/.m2/repository/aopalliance/aopalliance/1.0/aopalliance-1.0.jar:/Users/davidpetro/.m2/repository/com/fasterxml/jackson/core/jackson-core/2.9.4/jackson-core-2.9.4.jar:/Users/davidpetro/.m2/repository/com/netflix/eureka/eureka-core/1.6.2/eureka-core-1.6.2.jar:/Users/davidpetro/.m2/repository/org/codehaus/woodstox/woodstox-core-asl/4.4.1/woodstox-core-asl-4.4.1.jar:/Users/davidpetro/.m2/repository/javax/xml/stream/stax-api/1.0-2/stax-api-1.0-2.jar:/Users/davidpetro/.m2/repository/org/codehaus/woodstox/stax2-api/3.1.4/stax2-api-3.1.4.jar:/Users/davidpetro/.m2/repository/org/springframework/cloud/spring-cloud-starter-archaius/1.3.6.RELEASE/spring-cloud-starter-archaius-1.3.6.RELEASE.jar:/Users/davidpetro/.m2/repository/commons-configuration/commons-configuration/1.8/commons-configuration-1.8.jar:/Users/davidpetro/.m2/repository/commons-lang/commons-lang/2.6/commons-lang-2.6.jar:/Users/davidpetro/.m2/repository/com/google/guava/guava/18.0/guava-18.0.jar:/Users/davidpetro/.m2/repository/org/springframework/cloud/spring-cloud-starter-ribbon/1.3.6.RELEASE/spring-cloud-starter-ribbon-1.3.6.RELEASE.jar:/Users/davidpetro/.m2/repository/com/netflix/ribbon/ribbon/2.2.2/ribbon-2.2.2.jar:/Users/davidpetro/.m2/repository/com/netflix/ribbon/ribbon-transport/2.2.2/ribbon-transport-2.2.2.jar:/Users/davidpetro/.m2/repository/io/reactivex/rxnetty-contexts/0.4.9/rxnetty-contexts-0.4.9.jar:/Users/davidpetro/.m2/repository/io/reactivex/rxnetty-servo/0.4.9/rxnetty-servo-0.4.9.jar:/Users/davidpetro/.m2/repository/com/netflix/hystrix/hystrix-core/1.5.12/hystrix-core-1.5.12.jar:/Users/davidpetro/.m2/repository/io/reactivex/rxnetty/0.4.9/rxnetty-0.4.9.jar:/Users/davidpetro/.m2/repository/io/netty/netty-codec-http/4.1.22.Final/netty-codec-http-4.1.22.Final.jar:/Users/davidpetro/.m2/repository/io/netty/netty-codec/4.1.22.Final/netty-codec-4.1.22.Final.jar:/Users/davidpetro/.m2/repository/io/netty/netty-transport-native-epoll/4.1.22.Final/netty-transport-native-epoll-4.1.22.Final.jar:/Users/davidpetro/.m2/repository/io/netty/netty-common/4.1.22.Final/netty-common-4.1.22.Final.jar:/Users/davidpetro/.m2/repository/io/netty/netty-buffer/4.1.22.Final/netty-buffer-4.1.22.Final.jar:/Users/davidpetro/.m2/repository/io/netty/netty-transport-native-unix-common/4.1.22.Final/netty-transport-native-unix-common-4.1.22.Final.jar:/Users/davidpetro/.m2/repository/io/netty/netty-transport/4.1.22.Final/netty-transport-4.1.22.Final.jar:/Users/davidpetro/.m2/repository/io/netty/netty-resolver/4.1.22.Final/netty-resolver-4.1.22.Final.jar:/Users/davidpetro/.m2/repository/com/netflix/ribbon/ribbon-core/2.2.2/ribbon-core-2.2.2.jar:/Users/davidpetro/.m2/repository/com/netflix/ribbon/ribbon-httpclient/2.2.2/ribbon-httpclient-2.2.2.jar:/Users/davidpetro/.m2/repository/commons-collections/commons-collections/3.2.1/commons-collections-3.2.1.jar:/Users/davidpetro/.m2/repository/com/netflix/netflix-commons/netflix-commons-util/0.1.1/netflix-commons-util-0.1.1.jar:/Users/davidpetro/.m2/repository/com/netflix/ribbon/ribbon-loadbalancer/2.2.2/ribbon-loadbalancer-2.2.2.jar:/Users/davidpetro/.m2/repository/com/netflix/netflix-commons/netflix-statistics/0.1.1/netflix-statistics-0.1.1.jar:/Users/davidpetro/.m2/repository/io/reactivex/rxjava/1.3.6/rxjava-1.3.6.jar:/Users/davidpetro/.m2/repository/com/netflix/ribbon/ribbon-eureka/2.2.2/ribbon-eureka-2.2.2.jar:/Users/davidpetro/.m2/repository/org/slf4j/slf4j-api/1.7.25/slf4j-api-1.7.25.jar:/Users/davidpetro/.m2/repository/com/thoughtworks/xstream/xstream/1.4.9/xstream-1.4.9.jar:/Users/davidpetro/.m2/repository/xmlpull/xmlpull/1.1.3.1/xmlpull-1.1.3.1.jar:/Users/davidpetro/.m2/repository/xpp3/xpp3_min/1.1.4c/xpp3_min-1.1.4c.jar:/Users/davidpetro/.m2/repository/org/springframework/cloud/spring-cloud-starter-bus-amqp/1.3.1.RELEASE/spring-cloud-starter-bus-amqp-1.3.1.RELEASE.jar:/Users/davidpetro/.m2/repository/org/springframework/cloud/spring-cloud-starter-stream-rabbit/1.2.1.RELEASE/spring-cloud-starter-stream-rabbit-1.2.1.RELEASE.jar:/Users/davidpetro/.m2/repository/org/springframework/cloud/spring-cloud-stream-binder-rabbit/1.2.1.RELEASE/spring-cloud-stream-binder-rabbit-1.2.1.RELEASE.jar:/Users/davidpetro/.m2/repository/org/springframework/cloud/spring-cloud-stream-binder-rabbit-core/1.2.1.RELEASE/spring-cloud-stream-binder-rabbit-core-1.2.1.RELEASE.jar:/Users/davidpetro/.m2/repository/org/springframework/cloud/spring-cloud-stream-codec/1.2.2.RELEASE/spring-cloud-stream-codec-1.2.2.RELEASE.jar:/Users/davidpetro/.m2/repository/com/esotericsoftware/kryo-shaded/3.0.3/kryo-shaded-3.0.3.jar:/Users/davidpetro/.m2/repository/com/esotericsoftware/minlog/1.3.0/minlog-1.3.0.jar:/Users/davidpetro/.m2/repository/org/springframework/boot/spring-boot-starter-amqp/2.0.0.RELEASE/spring-boot-starter-amqp-2.0.0.RELEASE.jar:/Users/davidpetro/.m2/repository/org/springframework/amqp/spring-rabbit/2.0.2.RELEASE/spring-rabbit-2.0.2.RELEASE.jar:/Users/davidpetro/.m2/repository/org/springframework/amqp/spring-amqp/2.0.2.RELEASE/spring-amqp-2.0.2.RELEASE.jar:/Users/davidpetro/.m2/repository/com/rabbitmq/amqp-client/5.1.2/amqp-client-5.1.2.jar:/Users/davidpetro/.m2/repository/com/rabbitmq/http-client/1.3.1.RELEASE/http-client-1.3.1.RELEASE.jar:/Users/davidpetro/.m2/repository/org/springframework/integration/spring-integration-amqp/5.0.3.RELEASE/spring-integration-amqp-5.0.3.RELEASE.jar:/Users/davidpetro/.m2/repository/org/springframework/cloud/spring-cloud-bus/1.3.1.RELEASE/spring-cloud-bus-1.3.1.RELEASE.jar:/Users/davidpetro/.m2/repository/org/springframework/cloud/spring-cloud-stream/1.2.2.RELEASE/spring-cloud-stream-1.2.2.RELEASE.jar:/Users/davidpetro/.m2/repository/org/springframework/boot/spring-boot-starter-validation/2.0.0.RELEASE/spring-boot-starter-validation-2.0.0.RELEASE.jar:/Users/davidpetro/.m2/repository/org/springframework/spring-messaging/5.0.4.RELEASE/spring-messaging-5.0.4.RELEASE.jar:/Users/davidpetro/.m2/repository/org/springframework/integration/spring-integration-jmx/5.0.3.RELEASE/spring-integration-jmx-5.0.3.RELEASE.jar:/Users/davidpetro/.m2/repository/org/springframework/spring-tuple/1.0.0.RELEASE/spring-tuple-1.0.0.RELEASE.jar:/Users/davidpetro/.m2/repository/org/springframework/integration/spring-integration-tuple/1.0.0.RELEASE/spring-integration-tuple-1.0.0.RELEASE.jar:/Users/davidpetro/.m2/repository/org/springframework/retry/spring-retry/1.2.2.RELEASE/spring-retry-1.2.2.RELEASE.jar:/Users/davidpetro/.m2/repository/org/springframework/integration/spring-integration-core/5.0.3.RELEASE/spring-integration-core-5.0.3.RELEASE.jar:/Users/davidpetro/.m2/repository/org/springframework/spring-tx/5.0.4.RELEASE/spring-tx-5.0.4.RELEASE.jar:/Users/davidpetro/.m2/repository/io/projectreactor/reactor-core/3.1.5.RELEASE/reactor-core-3.1.5.RELEASE.jar:/Users/davidpetro/.m2/repository/org/reactivestreams/reactive-streams/1.0.2/reactive-streams-1.0.2.jar:/Users/davidpetro/.m2/repository/io/zipkin/java/zipkin-server/2.2.2/zipkin-server-2.2.2.jar:/Users/davidpetro/.m2/repository/io/zipkin/zipkin2/zipkin/2.2.2/zipkin-2.2.2.jar:/Users/davidpetro/.m2/repository/io/zipkin/java/zipkin/2.2.1/zipkin-2.2.1.jar:/Users/davidpetro/.m2/repository/io/zipkin/java/zipkin-autoconfigure-ui/2.2.2/zipkin-autoconfigure-ui-2.2.2.jar:/Users/davidpetro/.m2/repository/io/zipkin/java/zipkin-ui/2.2.2/zipkin-ui-2.2.2.jar:/Users/davidpetro/.m2/repository/org/springframework/boot/spring-boot-autoconfigure/2.0.0.RELEASE/spring-boot-autoconfigure-2.0.0.RELEASE.jar:/Users/davidpetro/.m2/repository/org/springframework/boot/spring-boot-starter-test/2.0.0.RELEASE/spring-boot-starter-test-2.0.0.RELEASE.jar:/Users/davidpetro/.m2/repository/org/springframework/boot/spring-boot-starter/2.0.0.RELEASE/spring-boot-starter-2.0.0.RELEASE.jar:/Users/davidpetro/.m2/repository/org/springframework/boot/spring-boot-starter-logging/2.0.0.RELEASE/spring-boot-starter-logging-2.0.0.RELEASE.jar:/Users/davidpetro/.m2/repository/ch/qos/logback/logback-classic/1.2.3/logback-classic-1.2.3.jar:/Users/davidpetro/.m2/repository/ch/qos/logback/logback-core/1.2.3/logback-core-1.2.3.jar:/Users/davidpetro/.m2/repository/org/apache/logging/log4j/log4j-to-slf4j/2.10.0/log4j-to-slf4j-2.10.0.jar:/Users/davidpetro/.m2/repository/org/apache/logging/log4j/log4j-api/2.10.0/log4j-api-2.10.0.jar:/Users/davidpetro/.m2/repository/org/slf4j/jul-to-slf4j/1.7.25/jul-to-slf4j-1.7.25.jar:/Users/davidpetro/.m2/repository/javax/annotation/javax.annotation-api/1.3.2/javax.annotation-api-1.3.2.jar:/Users/davidpetro/.m2/repository/org/springframework/boot/spring-boot-test/2.0.0.RELEASE/spring-boot-test-2.0.0.RELEASE.jar:/Users/davidpetro/.m2/repository/org/springframework/boot/spring-boot-test-autoconfigure/2.0.0.RELEASE/spring-boot-test-autoconfigure-2.0.0.RELEASE.jar:/Users/davidpetro/.m2/repository/com/jayway/jsonpath/json-path/2.4.0/json-path-2.4.0.jar:/Users/davidpetro/.m2/repository/net/minidev/json-smart/2.3/json-smart-2.3.jar:/Users/davidpetro/.m2/repository/net/minidev/accessors-smart/1.2/accessors-smart-1.2.jar:/Users/davidpetro/.m2/repository/org/ow2/asm/asm/5.0.4/asm-5.0.4.jar:/Users/davidpetro/.m2/repository/junit/junit/4.12/junit-4.12.jar:/Users/davidpetro/.m2/repository/org/assertj/assertj-core/3.9.1/assertj-core-3.9.1.jar:/Users/davidpetro/.m2/repository/org/mockito/mockito-core/2.15.0/mockito-core-2.15.0.jar:/Users/davidpetro/.m2/repository/net/bytebuddy/byte-buddy/1.7.10/byte-buddy-1.7.10.jar:/Users/davidpetro/.m2/repository/net/bytebuddy/byte-buddy-agent/1.7.10/byte-buddy-agent-1.7.10.jar:/Users/davidpetro/.m2/repository/org/objenesis/objenesis/2.6/objenesis-2.6.jar:/Users/davidpetro/.m2/repository/org/hamcrest/hamcrest-core/1.3/hamcrest-core-1.3.jar:/Users/davidpetro/.m2/repository/org/hamcrest/hamcrest-library/1.3/hamcrest-library-1.3.jar:/Users/davidpetro/.m2/repository/org/skyscreamer/jsonassert/1.5.0/jsonassert-1.5.0.jar:/Users/davidpetro/.m2/repository/com/vaadin/external/google/android-json/0.0.20131108.vaadin1/android-json-0.0.20131108.vaadin1.jar:/Users/davidpetro/.m2/repository/org/springframework/spring-core/5.0.4.RELEASE/spring-core-5.0.4.RELEASE.jar:/Users/davidpetro/.m2/repository/org/springframework/spring-jcl/5.0.4.RELEASE/spring-jcl-5.0.4.RELEASE.jar:/Users/davidpetro/.m2/repository/org/springframework/spring-test/5.0.4.RELEASE/spring-test-5.0.4.RELEASE.jar:/Users/davidpetro/.m2/repository/org/xmlunit/xmlunit-core/2.5.1/xmlunit-core-2.5.1.jar:, java.specification.name=Java Platform API Specification, java.class.version=52.0, sun.management.compiler=HotSpot 64-Bit Tiered Compilers, os.version=10.13.5, http.nonProxyHosts=local|*.local|169.254/16|*.169.254/16, user.home=/Users/davidpetro, user.timezone=America/Sao_Paulo, java.awt.printerjob=sun.lwawt.macosx.CPrinterJob, file.encoding=UTF-8, java.specification.version=1.8, java.class.path=/Users/davidpetro/Documents/courses/java/java-playground/spring/cloud/lab-8/zipkin-server/target/test-classes:/Users/davidpetro/Documents/courses/java/java-playground/spring/cloud/lab-8/zipkin-server/target/classes:/Users/davidpetro/.m2/repository/org/springframework/cloud/spring-cloud-config-server/1.3.4.RELEASE/spring-cloud-config-server-1.3.4.RELEASE.jar:/Users/davidpetro/.m2/repository/org/springframework/cloud/spring-cloud-config-client/1.3.4.RELEASE/spring-cloud-config-client-1.3.4.RELEASE.jar:/Users/davidpetro/.m2/repository/org/springframework/cloud/spring-cloud-commons/1.2.5.RELEASE/spring-cloud-commons-1.2.5.RELEASE.jar:/Users/davidpetro/.m2/repository/org/springframework/cloud/spring-cloud-context/1.2.5.RELEASE/spring-cloud-context-1.2.5.RELEASE.jar:/Users/davidpetro/.m2/repository/org/springframework/spring-web/5.0.4.RELEASE/spring-web-5.0.4.RELEASE.jar:/Users/davidpetro/.m2/repository/org/springframework/spring-beans/5.0.4.RELEASE/spring-beans-5.0.4.RELEASE.jar:/Users/davidpetro/.m2/repository/com/fasterxml/jackson/core/jackson-annotations/2.9.0/jackson-annotations-2.9.0.jar:/Users/davidpetro/.m2/repository/com/fasterxml/jackson/core/jackson-databind/2.9.4/jackson-databind-2.9.4.jar:/Users/davidpetro/.m2/repository/org/springframework/boot/spring-boot-starter-actuator/2.0.0.RELEASE/spring-boot-starter-actuator-2.0.0.RELEASE.jar:/Users/davidpetro/.m2/repository/org/springframework/boot/spring-boot-actuator-autoconfigure/2.0.0.RELEASE/spring-boot-actuator-autoconfigure-2.0.0.RELEASE.jar:/Users/davidpetro/.m2/repository/org/springframework/boot/spring-boot-actuator/2.0.0.RELEASE/spring-boot-actuator-2.0.0.RELEASE.jar:/Users/davidpetro/.m2/repository/org/springframework/spring-context/5.0.4.RELEASE/spring-context-5.0.4.RELEASE.jar:/Users/davidpetro/.m2/repository/com/fasterxml/jackson/datatype/jackson-datatype-jsr310/2.9.4/jackson-datatype-jsr310-2.9.4.jar:/Users/davidpetro/.m2/repository/io/micrometer/micrometer-core/1.0.1/micrometer-core-1.0.1.jar:/Users/davidpetro/.m2/repository/org/hdrhistogram/HdrHistogram/2.1.10/HdrHistogram-2.1.10.jar:/Users/davidpetro/.m2/repository/org/latencyutils/LatencyUtils/2.0.3/LatencyUtils-2.0.3.jar:/Users/davidpetro/.m2/repository/org/springframework/boot/spring-boot-starter-web/2.0.0.RELEASE/spring-boot-starter-web-2.0.0.RELEASE.jar:/Users/davidpetro/.m2/repository/org/springframework/boot/spring-boot-starter-json/2.0.0.RELEASE/spring-boot-starter-json-2.0.0.RELEASE.jar:/Users/davidpetro/.m2/repository/com/fasterxml/jackson/datatype/jackson-datatype-jdk8/2.9.4/jackson-datatype-jdk8-2.9.4.jar:/Users/davidpetro/.m2/repository/com/fasterxml/jackson/module/jackson-module-parameter-names/2.9.4/jackson-module-parameter-names-2.9.4.jar:/Users/davidpetro/.m2/repository/org/springframework/boot/spring-boot-starter-tomcat/2.0.0.RELEASE/spring-boot-starter-tomcat-2.0.0.RELEASE.jar:/Users/davidpetro/.m2/repository/org/apache/tomcat/embed/tomcat-embed-core/8.5.28/tomcat-embed-core-8.5.28.jar:/Users/davidpetro/.m2/repository/org/apache/tomcat/embed/tomcat-embed-el/8.5.28/tomcat-embed-el-8.5.28.jar:/Users/davidpetro/.m2/repository/org/apache/tomcat/embed/tomcat-embed-websocket/8.5.28/tomcat-embed-websocket-8.5.28.jar:/Users/davidpetro/.m2/repository/org/hibernate/validator/hibernate-validator/6.0.7.Final/hibernate-validator-6.0.7.Final.jar:/Users/davidpetro/.m2/repository/javax/validation/validation-api/2.0.1.Final/validation-api-2.0.1.Final.jar:/Users/davidpetro/.m2/repository/org/jboss/logging/jboss-logging/3.3.2.Final/jboss-logging-3.3.2.Final.jar:/Users/davidpetro/.m2/repository/com/fasterxml/classmate/1.3.4/classmate-1.3.4.jar:/Users/davidpetro/.m2/repository/org/springframework/spring-webmvc/5.0.4.RELEASE/spring-webmvc-5.0.4.RELEASE.jar:/Users/davidpetro/.m2/repository/org/springframework/spring-aop/5.0.4.RELEASE/spring-aop-5.0.4.RELEASE.jar:/Users/davidpetro/.m2/repository/org/springframework/spring-expression/5.0.4.RELEASE/spring-expression-5.0.4.RELEASE.jar:/Users/davidpetro/.m2/repository/org/springframework/security/spring-security-crypto/5.0.3.RELEASE/spring-security-crypto-5.0.3.RELEASE.jar:/Users/davidpetro/.m2/repository/org/springframework/security/spring-security-rsa/1.0.3.RELEASE/spring-security-rsa-1.0.3.RELEASE.jar:/Users/davidpetro/.m2/repository/org/bouncycastle/bcpkix-jdk15on/1.55/bcpkix-jdk15on-1.55.jar:/Users/davidpetro/.m2/repository/org/bouncycastle/bcprov-jdk15on/1.55/bcprov-jdk15on-1.55.jar:/Users/davidpetro/.m2/repository/org/eclipse/jgit/org.eclipse.jgit/3.6.1.201501031845-r/org.eclipse.jgit-3.6.1.201501031845-r.jar:/Users/davidpetro/.m2/repository/com/jcraft/jsch/0.1.54/jsch-0.1.54.jar:/Users/davidpetro/.m2/repository/com/googlecode/javaewah/JavaEWAH/0.7.9/JavaEWAH-0.7.9.jar:/Users/davidpetro/.m2/repository/org/apache/httpcomponents/httpclient/4.5.5/httpclient-4.5.5.jar:/Users/davidpetro/.m2/repository/org/apache/httpcomponents/httpcore/4.4.9/httpcore-4.4.9.jar:/Users/davidpetro/.m2/repository/commons-codec/commons-codec/1.11/commons-codec-1.11.jar:/Users/davidpetro/.m2/repository/org/yaml/snakeyaml/1.19/snakeyaml-1.19.jar:/Users/davidpetro/.m2/repository/org/springframework/cloud/spring-cloud-starter-eureka/1.3.6.RELEASE/spring-cloud-starter-eureka-1.3.6.RELEASE.jar:/Users/davidpetro/.m2/repository/org/springframework/cloud/spring-cloud-starter/1.2.5.RELEASE/spring-cloud-starter-1.2.5.RELEASE.jar:/Users/davidpetro/.m2/repository/org/springframework/cloud/spring-cloud-netflix-core/1.3.6.RELEASE/spring-cloud-netflix-core-1.3.6.RELEASE.jar:/Users/davidpetro/.m2/repository/org/springframework/boot/spring-boot/2.0.0.RELEASE/spring-boot-2.0.0.RELEASE.jar:/Users/davidpetro/.m2/repository/org/springframework/cloud/spring-cloud-netflix-eureka-client/1.3.6.RELEASE/spring-cloud-netflix-eureka-client-1.3.6.RELEASE.jar:/Users/davidpetro/.m2/repository/com/netflix/eureka/eureka-client/1.6.2/eureka-client-1.6.2.jar:/Users/davidpetro/.m2/repository/org/codehaus/jettison/jettison/1.3.7/jettison-1.3.7.jar:/Users/davidpetro/.m2/repository/stax/stax-api/1.0.1/stax-api-1.0.1.jar:/Users/davidpetro/.m2/repository/com/netflix/netflix-commons/netflix-eventbus/0.3.0/netflix-eventbus-0.3.0.jar:/Users/davidpetro/.m2/repository/com/netflix/netflix-commons/netflix-infix/0.3.0/netflix-infix-0.3.0.jar:/Users/davidpetro/.m2/repository/commons-jxpath/commons-jxpath/1.3/commons-jxpath-1.3.jar:/Users/davidpetro/.m2/repository/joda-time/joda-time/2.9.9/joda-time-2.9.9.jar:/Users/davidpetro/.m2/repository/org/antlr/antlr-runtime/3.4/antlr-runtime-3.4.jar:/Users/davidpetro/.m2/repository/org/antlr/stringtemplate/3.2.1/stringtemplate-3.2.1.jar:/Users/davidpetro/.m2/repository/antlr/antlr/2.7.7/antlr-2.7.7.jar:/Users/davidpetro/.m2/repository/com/google/code/gson/gson/2.8.2/gson-2.8.2.jar:/Users/davidpetro/.m2/repository/org/apache/commons/commons-math/2.2/commons-math-2.2.jar:/Users/davidpetro/.m2/repository/com/netflix/archaius/archaius-core/0.7.4/archaius-core-0.7.4.jar:/Users/davidpetro/.m2/repository/javax/ws/rs/jsr311-api/1.1.1/jsr311-api-1.1.1.jar:/Users/davidpetro/.m2/repository/com/netflix/servo/servo-core/0.10.1/servo-core-0.10.1.jar:/Users/davidpetro/.m2/repository/com/netflix/servo/servo-internal/0.10.1/servo-internal-0.10.1.jar:/Users/davidpetro/.m2/repository/com/sun/jersey/jersey-core/1.19.1/jersey-core-1.19.1.jar:/Users/davidpetro/.m2/repository/com/sun/jersey/jersey-client/1.19.1/jersey-client-1.19.1.jar:/Users/davidpetro/.m2/repository/com/sun/jersey/contribs/jersey-apache-client4/1.19.1/jersey-apache-client4-1.19.1.jar:/Users/davidpetro/.m2/repository/com/google/inject/guice/4.1.0/guice-4.1.0.jar:/Users/davidpetro/.m2/repository/javax/inject/javax.inject/1/javax.inject-1.jar:/Users/davidpetro/.m2/repository/aopalliance/aopalliance/1.0/aopalliance-1.0.jar:/Users/davidpetro/.m2/repository/com/fasterxml/jackson/core/jackson-core/2.9.4/jackson-core-2.9.4.jar:/Users/davidpetro/.m2/repository/com/netflix/eureka/eureka-core/1.6.2/eureka-core-1.6.2.jar:/Users/davidpetro/.m2/repository/org/codehaus/woodstox/woodstox-core-asl/4.4.1/woodstox-core-asl-4.4.1.jar:/Users/davidpetro/.m2/repository/javax/xml/stream/stax-api/1.0-2/stax-api-1.0-2.jar:/Users/davidpetro/.m2/repository/org/codehaus/woodstox/stax2-api/3.1.4/stax2-api-3.1.4.jar:/Users/davidpetro/.m2/repository/org/springframework/cloud/spring-cloud-starter-archaius/1.3.6.RELEASE/spring-cloud-starter-archaius-1.3.6.RELEASE.jar:/Users/davidpetro/.m2/repository/commons-configuration/commons-configuration/1.8/commons-configuration-1.8.jar:/Users/davidpetro/.m2/repository/commons-lang/commons-lang/2.6/commons-lang-2.6.jar:/Users/davidpetro/.m2/repository/com/google/guava/guava/18.0/guava-18.0.jar:/Users/davidpetro/.m2/repository/org/springframework/cloud/spring-cloud-starter-ribbon/1.3.6.RELEASE/spring-cloud-starter-ribbon-1.3.6.RELEASE.jar:/Users/davidpetro/.m2/repository/com/netflix/ribbon/ribbon/2.2.2/ribbon-2.2.2.jar:/Users/davidpetro/.m2/repository/com/netflix/ribbon/ribbon-transport/2.2.2/ribbon-transport-2.2.2.jar:/Users/davidpetro/.m2/repository/io/reactivex/rxnetty-contexts/0.4.9/rxnetty-contexts-0.4.9.jar:/Users/davidpetro/.m2/repository/io/reactivex/rxnetty-servo/0.4.9/rxnetty-servo-0.4.9.jar:/Users/davidpetro/.m2/repository/com/netflix/hystrix/hystrix-core/1.5.12/hystrix-core-1.5.12.jar:/Users/davidpetro/.m2/repository/io/reactivex/rxnetty/0.4.9/rxnetty-0.4.9.jar:/Users/davidpetro/.m2/repository/io/netty/netty-codec-http/4.1.22.Final/netty-codec-http-4.1.22.Final.jar:/Users/davidpetro/.m2/repository/io/netty/netty-codec/4.1.22.Final/netty-codec-4.1.22.Final.jar:/Users/davidpetro/.m2/repository/io/netty/netty-transport-native-epoll/4.1.22.Final/netty-transport-native-epoll-4.1.22.Final.jar:/Users/davidpetro/.m2/repository/io/netty/netty-common/4.1.22.Final/netty-common-4.1.22.Final.jar:/Users/davidpetro/.m2/repository/io/netty/netty-buffer/4.1.22.Final/netty-buffer-4.1.22.Final.jar:/Users/davidpetro/.m2/repository/io/netty/netty-transport-native-unix-common/4.1.22.Final/netty-transport-native-unix-common-4.1.22.Final.jar:/Users/davidpetro/.m2/repository/io/netty/netty-transport/4.1.22.Final/netty-transport-4.1.22.Final.jar:/Users/davidpetro/.m2/repository/io/netty/netty-resolver/4.1.22.Final/netty-resolver-4.1.22.Final.jar:/Users/davidpetro/.m2/repository/com/netflix/ribbon/ribbon-core/2.2.2/ribbon-core-2.2.2.jar:/Users/davidpetro/.m2/repository/com/netflix/ribbon/ribbon-httpclient/2.2.2/ribbon-httpclient-2.2.2.jar:/Users/davidpetro/.m2/repository/commons-collections/commons-collections/3.2.1/commons-collections-3.2.1.jar:/Users/davidpetro/.m2/repository/com/netflix/netflix-commons/netflix-commons-util/0.1.1/netflix-commons-util-0.1.1.jar:/Users/davidpetro/.m2/repository/com/netflix/ribbon/ribbon-loadbalancer/2.2.2/ribbon-loadbalancer-2.2.2.jar:/Users/davidpetro/.m2/repository/com/netflix/netflix-commons/netflix-statistics/0.1.1/netflix-statistics-0.1.1.jar:/Users/davidpetro/.m2/repository/io/reactivex/rxjava/1.3.6/rxjava-1.3.6.jar:/Users/davidpetro/.m2/repository/com/netflix/ribbon/ribbon-eureka/2.2.2/ribbon-eureka-2.2.2.jar:/Users/davidpetro/.m2/repository/org/slf4j/slf4j-api/1.7.25/slf4j-api-1.7.25.jar:/Users/davidpetro/.m2/repository/com/thoughtworks/xstream/xstream/1.4.9/xstream-1.4.9.jar:/Users/davidpetro/.m2/repository/xmlpull/xmlpull/1.1.3.1/xmlpull-1.1.3.1.jar:/Users/davidpetro/.m2/repository/xpp3/xpp3_min/1.1.4c/xpp3_min-1.1.4c.jar:/Users/davidpetro/.m2/repository/org/springframework/cloud/spring-cloud-starter-bus-amqp/1.3.1.RELEASE/spring-cloud-starter-bus-amqp-1.3.1.RELEASE.jar:/Users/davidpetro/.m2/repository/org/springframework/cloud/spring-cloud-starter-stream-rabbit/1.2.1.RELEASE/spring-cloud-starter-stream-rabbit-1.2.1.RELEASE.jar:/Users/davidpetro/.m2/repository/org/springframework/cloud/spring-cloud-stream-binder-rabbit/1.2.1.RELEASE/spring-cloud-stream-binder-rabbit-1.2.1.RELEASE.jar:/Users/davidpetro/.m2/repository/org/springframework/cloud/spring-cloud-stream-binder-rabbit-core/1.2.1.RELEASE/spring-cloud-stream-binder-rabbit-core-1.2.1.RELEASE.jar:/Users/davidpetro/.m2/repository/org/springframework/cloud/spring-cloud-stream-codec/1.2.2.RELEASE/spring-cloud-stream-codec-1.2.2.RELEASE.jar:/Users/davidpetro/.m2/repository/com/esotericsoftware/kryo-shaded/3.0.3/kryo-shaded-3.0.3.jar:/Users/davidpetro/.m2/repository/com/esotericsoftware/minlog/1.3.0/minlog-1.3.0.jar:/Users/davidpetro/.m2/repository/org/springframework/boot/spring-boot-starter-amqp/2.0.0.RELEASE/spring-boot-starter-amqp-2.0.0.RELEASE.jar:/Users/davidpetro/.m2/repository/org/springframework/amqp/spring-rabbit/2.0.2.RELEASE/spring-rabbit-2.0.2.RELEASE.jar:/Users/davidpetro/.m2/repository/org/springframework/amqp/spring-amqp/2.0.2.RELEASE/spring-amqp-2.0.2.RELEASE.jar:/Users/davidpetro/.m2/repository/com/rabbitmq/amqp-client/5.1.2/amqp-client-5.1.2.jar:/Users/davidpetro/.m2/repository/com/rabbitmq/http-client/1.3.1.RELEASE/http-client-1.3.1.RELEASE.jar:/Users/davidpetro/.m2/repository/org/springframework/integration/spring-integration-amqp/5.0.3.RELEASE/spring-integration-amqp-5.0.3.RELEASE.jar:/Users/davidpetro/.m2/repository/org/springframework/cloud/spring-cloud-bus/1.3.1.RELEASE/spring-cloud-bus-1.3.1.RELEASE.jar:/Users/davidpetro/.m2/repository/org/springframework/cloud/spring-cloud-stream/1.2.2.RELEASE/spring-cloud-stream-1.2.2.RELEASE.jar:/Users/davidpetro/.m2/repository/org/springframework/boot/spring-boot-starter-validation/2.0.0.RELEASE/spring-boot-starter-validation-2.0.0.RELEASE.jar:/Users/davidpetro/.m2/repository/org/springframework/spring-messaging/5.0.4.RELEASE/spring-messaging-5.0.4.RELEASE.jar:/Users/davidpetro/.m2/repository/org/springframework/integration/spring-integration-jmx/5.0.3.RELEASE/spring-integration-jmx-5.0.3.RELEASE.jar:/Users/davidpetro/.m2/repository/org/springframework/spring-tuple/1.0.0.RELEASE/spring-tuple-1.0.0.RELEASE.jar:/Users/davidpetro/.m2/repository/org/springframework/integration/spring-integration-tuple/1.0.0.RELEASE/spring-integration-tuple-1.0.0.RELEASE.jar:/Users/davidpetro/.m2/repository/org/springframework/retry/spring-retry/1.2.2.RELEASE/spring-retry-1.2.2.RELEASE.jar:/Users/davidpetro/.m2/repository/org/springframework/integration/spring-integration-core/5.0.3.RELEASE/spring-integration-core-5.0.3.RELEASE.jar:/Users/davidpetro/.m2/repository/org/springframework/spring-tx/5.0.4.RELEASE/spring-tx-5.0.4.RELEASE.jar:/Users/davidpetro/.m2/repository/io/projectreactor/reactor-core/3.1.5.RELEASE/reactor-core-3.1.5.RELEASE.jar:/Users/davidpetro/.m2/repository/org/reactivestreams/reactive-streams/1.0.2/reactive-streams-1.0.2.jar:/Users/davidpetro/.m2/repository/io/zipkin/java/zipkin-server/2.2.2/zipkin-server-2.2.2.jar:/Users/davidpetro/.m2/repository/io/zipkin/zipkin2/zipkin/2.2.2/zipkin-2.2.2.jar:/Users/davidpetro/.m2/repository/io/zipkin/java/zipkin/2.2.1/zipkin-2.2.1.jar:/Users/davidpetro/.m2/repository/io/zipkin/java/zipkin-autoconfigure-ui/2.2.2/zipkin-autoconfigure-ui-2.2.2.jar:/Users/davidpetro/.m2/repository/io/zipkin/java/zipkin-ui/2.2.2/zipkin-ui-2.2.2.jar:/Users/davidpetro/.m2/repository/org/springframework/boot/spring-boot-autoconfigure/2.0.0.RELEASE/spring-boot-autoconfigure-2.0.0.RELEASE.jar:/Users/davidpetro/.m2/repository/org/springframework/boot/spring-boot-starter-test/2.0.0.RELEASE/spring-boot-starter-test-2.0.0.RELEASE.jar:/Users/davidpetro/.m2/repository/org/springframework/boot/spring-boot-starter/2.0.0.RELEASE/spring-boot-starter-2.0.0.RELEASE.jar:/Users/davidpetro/.m2/repository/org/springframework/boot/spring-boot-starter-logging/2.0.0.RELEASE/spring-boot-starter-logging-2.0.0.RELEASE.jar:/Users/davidpetro/.m2/repository/ch/qos/logback/logback-classic/1.2.3/logback-classic-1.2.3.jar:/Users/davidpetro/.m2/repository/ch/qos/logback/logback-core/1.2.3/logback-core-1.2.3.jar:/Users/davidpetro/.m2/repository/org/apache/logging/log4j/log4j-to-slf4j/2.10.0/log4j-to-slf4j-2.10.0.jar:/Users/davidpetro/.m2/repository/org/apache/logging/log4j/log4j-api/2.10.0/log4j-api-2.10.0.jar:/Users/davidpetro/.m2/repository/org/slf4j/jul-to-slf4j/1.7.25/jul-to-slf4j-1.7.25.jar:/Users/davidpetro/.m2/repository/javax/annotation/javax.annotation-api/1.3.2/javax.annotation-api-1.3.2.jar:/Users/davidpetro/.m2/repository/org/springframework/boot/spring-boot-test/2.0.0.RELEASE/spring-boot-test-2.0.0.RELEASE.jar:/Users/davidpetro/.m2/repository/org/springframework/boot/spring-boot-test-autoconfigure/2.0.0.RELEASE/spring-boot-test-autoconfigure-2.0.0.RELEASE.jar:/Users/davidpetro/.m2/repository/com/jayway/jsonpath/json-path/2.4.0/json-path-2.4.0.jar:/Users/davidpetro/.m2/repository/net/minidev/json-smart/2.3/json-smart-2.3.jar:/Users/davidpetro/.m2/repository/net/minidev/accessors-smart/1.2/accessors-smart-1.2.jar:/Users/davidpetro/.m2/repository/org/ow2/asm/asm/5.0.4/asm-5.0.4.jar:/Users/davidpetro/.m2/repository/junit/junit/4.12/junit-4.12.jar:/Users/davidpetro/.m2/repository/org/assertj/assertj-core/3.9.1/assertj-core-3.9.1.jar:/Users/davidpetro/.m2/repository/org/mockito/mockito-core/2.15.0/mockito-core-2.15.0.jar:/Users/davidpetro/.m2/repository/net/bytebuddy/byte-buddy/1.7.10/byte-buddy-1.7.10.jar:/Users/davidpetro/.m2/repository/net/bytebuddy/byte-buddy-agent/1.7.10/byte-buddy-agent-1.7.10.jar:/Users/davidpetro/.m2/repository/org/objenesis/objenesis/2.6/objenesis-2.6.jar:/Users/davidpetro/.m2/repository/org/hamcrest/hamcrest-core/1.3/hamcrest-core-1.3.jar:/Users/davidpetro/.m2/repository/org/hamcrest/hamcrest-library/1.3/hamcrest-library-1.3.jar:/Users/davidpetro/.m2/repository/org/skyscreamer/jsonassert/1.5.0/jsonassert-1.5.0.jar:/Users/davidpetro/.m2/repository/com/vaadin/external/google/android-json/0.0.20131108.vaadin1/android-json-0.0.20131108.vaadin1.jar:/Users/davidpetro/.m2/repository/org/springframework/spring-core/5.0.4.RELEASE/spring-core-5.0.4.RELEASE.jar:/Users/davidpetro/.m2/repository/org/springframework/spring-jcl/5.0.4.RELEASE/spring-jcl-5.0.4.RELEASE.jar:/Users/davidpetro/.m2/repository/org/springframework/spring-test/5.0.4.RELEASE/spring-test-5.0.4.RELEASE.jar:/Users/davidpetro/.m2/repository/org/xmlunit/xmlunit-core/2.5.1/xmlunit-core-2.5.1.jar:, user.name=davidpetro, java.vm.specification.version=1.8, sun.java.command=/Users/davidpetro/Documents/courses/java/java-playground/spring/cloud/lab-8/zipkin-server/target/surefire/surefirebooter1214563769581427680.jar /Users/davidpetro/Documents/courses/java/java-playground/spring/cloud/lab-8/zipkin-server/target/surefire 2018-07-09T23-37-42_238-jvmRun1 surefire1432790700452933446tmp surefire_09133934535553610092tmp, java.home=/Library/Java/JavaVirtualMachines/jdk1.8.0_172.jdk/Contents/Home/jre, sun.arch.data.model=64, user.language=en, java.specification.vendor=Oracle Corporation, awt.toolkit=sun.lwawt.macosx.LWCToolkit, java.vm.info=mixed mode, java.version=1.8.0_172, java.ext.dirs=/Users/davidpetro/Library/Java/Extensions:/Library/Java/JavaVirtualMachines/jdk1.8.0_172.jdk/Contents/Home/jre/lib/ext:/Library/Java/Extensions:/Network/Library/Java/Extensions:/System/Library/Java/Extensions:/usr/lib/java, sun.boot.class.path=/Library/Java/JavaVirtualMachines/jdk1.8.0_172.jdk/Contents/Home/jre/lib/resources.jar:/Library/Java/JavaVirtualMachines/jdk1.8.0_172.jdk/Contents/Home/jre/lib/rt.jar:/Library/Java/JavaVirtualMachines/jdk1.8.0_172.jdk/Contents/Home/jre/lib/sunrsasign.jar:/Library/Java/JavaVirtualMachines/jdk1.8.0_172.jdk/Contents/Home/jre/lib/jsse.jar:/Library/Java/JavaVirtualMachines/jdk1.8.0_172.jdk/Contents/Home/jre/lib/jce.jar:/Library/Java/JavaVirtualMachines/jdk1.8.0_172.jdk/Contents/Home/jre/lib/charsets.jar:/Library/Java/JavaVirtualMachines/jdk1.8.0_172.jdk/Contents/Home/jre/lib/jfr.jar:/Library/Java/JavaVirtualMachines/jdk1.8.0_172.jdk/Contents/Home/jre/classes, java.vendor=Oracle Corporation, localRepository=/Users/davidpetro/.m2/repository, file.separator=/, java.vendor.url.bug=http://bugreport.sun.com/bugreport/, sun.io.unicode.encoding=UnicodeBig, sun.cpu.endian=little, socksNonProxyHosts=local|*.local|169.254/16|*.169.254/16, ftp.nonProxyHosts=local|*.local|169.254/16|*.169.254/16, sun.cpu.isalist=}}, SystemEnvironmentPropertySource@2145970759 {name='systemEnvironment', properties={PATH=/Users/davidpetro/.jenv/shims:/usr/local/bin:/usr/bin:/bin:/usr/sbin:/sbin, SHELL=/bin/bash, JAVA_HOME=/Library/Java/JavaVirtualMachines/jdk1.8.0_172.jdk/Contents/Home, OLDPWD=/Users/davidpetro/Documents/courses/java/java-playground/spring/cloud/lab-8/zipkin-server, VERSIONER_PYTHON_PREFER_32_BIT=no, USER=davidpetro, TMPDIR=/var/folders/52/w4ftptf55bd78htrhz51xnbw0000gn/T/, SSH_AUTH_SOCK=/private/tmp/com.apple.launchd.IZ1lmKYNvU/Listeners, XPC_FLAGS=0x0, VERSIONER_PYTHON_VERSION=2.7, JAVA_MAIN_CLASS_1684=org.apache.maven.surefire.booter.ForkedBooter, __CF_USER_TEXT_ENCODING=0x1F5:0x0:0x0, Apple_PubSub_Socket_Render=/private/tmp/com.apple.launchd.qtmzrBNDp3/Render, LOGNAME=davidpetro, LC_CTYPE=en_US.UTF-8, XPC_SERVICE_NAME=0, PWD=/Users/davidpetro/Documents/courses/java/java-playground/spring/cloud/lab-8/zipkin-server, JAVA_MAIN_CLASS_1676=org.codehaus.classworlds.Launcher, HOME=/Users/davidpetro, SHLVL=1, _=/Library/Java/JavaVirtualMachines/jdk1.8.0_172.jdk/Contents/Home/jre/bin/java, JENV_LOADED=1}}]
23:37:46.135 [main] DEBUG org.springframework.core.io.support.PathMatchingResourcePatternResolver - Resolved classpath location [com/lab8/zipkin/server/] to resources [URL [file:/Users/davidpetro/Documents/courses/java/java-playground/spring/cloud/lab-8/zipkin-server/target/test-classes/com/lab8/zipkin/server/], URL [file:/Users/davidpetro/Documents/courses/java/java-playground/spring/cloud/lab-8/zipkin-server/target/classes/com/lab8/zipkin/server/]]
23:37:46.136 [main] DEBUG org.springframework.core.io.support.PathMatchingResourcePatternResolver - Looking for matching resources in directory tree [/Users/davidpetro/Documents/courses/java/java-playground/spring/cloud/lab-8/zipkin-server/target/test-classes/com/lab8/zipkin/server]
23:37:46.137 [main] DEBUG org.springframework.core.io.support.PathMatchingResourcePatternResolver - Searching directory [/Users/davidpetro/Documents/courses/java/java-playground/spring/cloud/lab-8/zipkin-server/target/test-classes/com/lab8/zipkin/server] for files matching pattern [/Users/davidpetro/Documents/courses/java/java-playground/spring/cloud/lab-8/zipkin-server/target/test-classes/com/lab8/zipkin/server/*.class]
23:37:46.143 [main] DEBUG org.springframework.core.io.support.PathMatchingResourcePatternResolver - Looking for matching resources in directory tree [/Users/davidpetro/Documents/courses/java/java-playground/spring/cloud/lab-8/zipkin-server/target/classes/com/lab8/zipkin/server]
23:37:46.144 [main] DEBUG org.springframework.core.io.support.PathMatchingResourcePatternResolver - Searching directory [/Users/davidpetro/Documents/courses/java/java-playground/spring/cloud/lab-8/zipkin-server/target/classes/com/lab8/zipkin/server] for files matching pattern [/Users/davidpetro/Documents/courses/java/java-playground/spring/cloud/lab-8/zipkin-server/target/classes/com/lab8/zipkin/server/*.class]
23:37:46.144 [main] DEBUG org.springframework.core.io.support.PathMatchingResourcePatternResolver - Resolved location pattern [classpath*:com/lab8/zipkin/server/*.class] to resources [file [/Users/davidpetro/Documents/courses/java/java-playground/spring/cloud/lab-8/zipkin-server/target/test-classes/com/lab8/zipkin/server/SpringCloudConfigServerApplicationTests.class], file [/Users/davidpetro/Documents/courses/java/java-playground/spring/cloud/lab-8/zipkin-server/target/classes/com/lab8/zipkin/server/ZipkinServiceApplication.class]]
23:37:46.356 [main] DEBUG org.springframework.context.annotation.ClassPathScanningCandidateComponentProvider - Identified candidate component class: file [/Users/davidpetro/Documents/courses/java/java-playground/spring/cloud/lab-8/zipkin-server/target/classes/com/lab8/zipkin/server/ZipkinServiceApplication.class]
23:37:46.360 [main] INFO org.springframework.boot.test.context.SpringBootTestContextBootstrapper - Found @SpringBootConfiguration com.lab8.zipkin.server.ZipkinServiceApplication for test class com.lab8.zipkin.server.SpringCloudConfigServerApplicationTests
23:37:46.659 [main] DEBUG org.springframework.boot.test.context.SpringBootTestContextBootstrapper - @TestExecutionListeners is not present for class [com.lab8.zipkin.server.SpringCloudConfigServerApplicationTests]: using defaults.
23:37:46.660 [main] INFO org.springframework.boot.test.context.SpringBootTestContextBootstrapper - Loaded default TestExecutionListener class names from location [META-INF/spring.factories]: [org.springframework.boot.test.mock.mockito.MockitoTestExecutionListener, org.springframework.boot.test.mock.mockito.ResetMocksTestExecutionListener, org.springframework.boot.test.autoconfigure.restdocs.RestDocsTestExecutionListener, org.springframework.boot.test.autoconfigure.web.client.MockRestServiceServerResetTestExecutionListener, org.springframework.boot.test.autoconfigure.web.servlet.MockMvcPrintOnlyOnFailureTestExecutionListener, org.springframework.boot.test.autoconfigure.web.servlet.WebDriverTestExecutionListener, org.springframework.test.context.web.ServletTestExecutionListener, org.springframework.test.context.support.DirtiesContextBeforeModesTestExecutionListener, org.springframework.test.context.support.DependencyInjectionTestExecutionListener, org.springframework.test.context.support.DirtiesContextTestExecutionListener, org.springframework.test.context.transaction.TransactionalTestExecutionListener, org.springframework.test.context.jdbc.SqlScriptsTestExecutionListener]
23:37:46.932 [main] INFO org.springframework.boot.test.context.SpringBootTestContextBootstrapper - Using TestExecutionListeners: [org.springframework.test.context.web.ServletTestExecutionListener@273444fe, org.springframework.test.context.support.DirtiesContextBeforeModesTestExecutionListener@33bc72d1, org.springframework.boot.test.mock.mockito.MockitoTestExecutionListener@1a75e76a, org.springframework.boot.test.autoconfigure.SpringBootDependencyInjectionTestExecutionListener@5524cca1, org.springframework.test.context.support.DirtiesContextTestExecutionListener@5032714f, org.springframework.test.context.transaction.TransactionalTestExecutionListener@48bb62, org.springframework.test.context.jdbc.SqlScriptsTestExecutionListener@353352b6, org.springframework.boot.test.mock.mockito.ResetMocksTestExecutionListener@4681c175, org.springframework.boot.test.autoconfigure.restdocs.RestDocsTestExecutionListener@57a78e3, org.springframework.boot.test.autoconfigure.web.client.MockRestServiceServerResetTestExecutionListener@402c4085, org.springframework.boot.test.autoconfigure.web.servlet.MockMvcPrintOnlyOnFailureTestExecutionListener@6fa51cd4, org.springframework.boot.test.autoconfigure.web.servlet.WebDriverTestExecutionListener@2767e23c]
23:37:46.939 [main] DEBUG org.springframework.test.annotation.ProfileValueUtils - Retrieved @ProfileValueSourceConfiguration [null] for test class [com.lab8.zipkin.server.SpringCloudConfigServerApplicationTests]
23:37:46.941 [main] DEBUG org.springframework.test.annotation.ProfileValueUtils - Retrieved ProfileValueSource type [class org.springframework.test.annotation.SystemProfileValueSource] for class [com.lab8.zipkin.server.SpringCloudConfigServerApplicationTests]
23:37:46.943 [main] DEBUG org.springframework.test.annotation.ProfileValueUtils - Retrieved @ProfileValueSourceConfiguration [null] for test class [com.lab8.zipkin.server.SpringCloudConfigServerApplicationTests]
23:37:46.944 [main] DEBUG org.springframework.test.annotation.ProfileValueUtils - Retrieved ProfileValueSource type [class org.springframework.test.annotation.SystemProfileValueSource] for class [com.lab8.zipkin.server.SpringCloudConfigServerApplicationTests]
23:37:46.967 [main] DEBUG org.springframework.test.annotation.ProfileValueUtils - Retrieved @ProfileValueSourceConfiguration [null] for test class [com.lab8.zipkin.server.SpringCloudConfigServerApplicationTests]
23:37:46.968 [main] DEBUG org.springframework.test.annotation.ProfileValueUtils - Retrieved ProfileValueSource type [class org.springframework.test.annotation.SystemProfileValueSource] for class [com.lab8.zipkin.server.SpringCloudConfigServerApplicationTests]
23:37:46.980 [main] DEBUG org.springframework.test.context.support.AbstractDirtiesContextTestExecutionListener - Before test class: context [DefaultTestContext@7188af83 testClass = SpringCloudConfigServerApplicationTests, testInstance = [null], testMethod = [null], testException = [null], mergedContextConfiguration = [WebMergedContextConfiguration@6be968ce testClass = SpringCloudConfigServerApplicationTests, locations = '{}', classes = '{class com.lab8.zipkin.server.ZipkinServiceApplication}', contextInitializerClasses = '[]', activeProfiles = '{}', propertySourceLocations = '{}', propertySourceProperties = '{org.springframework.boot.test.context.SpringBootTestContextBootstrapper=true}', contextCustomizers = set[org.springframework.boot.test.context.filter.ExcludeFilterContextCustomizer@276438c9, org.springframework.boot.test.json.DuplicateJsonObjectContextCustomizerFactory$DuplicateJsonObjectContextCustomizer@77a57272, org.springframework.boot.test.mock.mockito.MockitoContextCustomizer@0, org.springframework.boot.test.web.client.TestRestTemplateContextCustomizer@7fad8c79, org.springframework.boot.test.autoconfigure.properties.PropertyMappingContextCustomizer@0, org.springframework.boot.test.autoconfigure.web.servlet.WebDriverContextCustomizerFactory$Customizer@314c508a], resourceBasePath = 'src/main/webapp', contextLoader = 'org.springframework.boot.test.context.SpringBootContextLoader', parent = [null]], attributes = map['org.springframework.test.context.web.ServletTestExecutionListener.activateListener' -> true]], class annotated with @DirtiesContext [false] with mode [null].
23:37:46.981 [main] DEBUG org.springframework.test.annotation.ProfileValueUtils - Retrieved @ProfileValueSourceConfiguration [null] for test class [com.lab8.zipkin.server.SpringCloudConfigServerApplicationTests]
23:37:46.981 [main] DEBUG org.springframework.test.annotation.ProfileValueUtils - Retrieved ProfileValueSource type [class org.springframework.test.annotation.SystemProfileValueSource] for class [com.lab8.zipkin.server.SpringCloudConfigServerApplicationTests]
23:37:47.028 [main] DEBUG org.springframework.core.env.StandardEnvironment - Adding PropertySource 'systemProperties' with lowest search precedence
23:37:47.028 [main] DEBUG org.springframework.core.env.StandardEnvironment - Adding PropertySource 'systemEnvironment' with lowest search precedence
23:37:47.029 [main] DEBUG org.springframework.core.env.StandardEnvironment - Initialized StandardEnvironment with PropertySources [MapPropertySource@201719260 {name='systemProperties', properties={idea.version=2018.1.4, java.runtime.name=Java(TM) SE Runtime Environment, sun.boot.library.path=/Library/Java/JavaVirtualMachines/jdk1.8.0_172.jdk/Contents/Home/jre/lib, java.vm.version=25.172-b11, gopherProxySet=false, java.vm.vendor=Oracle Corporation, java.vendor.url=http://java.oracle.com/, path.separator=:, java.vm.name=Java HotSpot(TM) 64-Bit Server VM, file.encoding.pkg=sun.io, user.country=BR, sun.java.launcher=SUN_STANDARD, sun.os.patch.level=unknown, java.vm.specification.name=Java Virtual Machine Specification, user.dir=/Users/davidpetro/Documents/courses/java/java-playground/spring/cloud/lab-8/zipkin-server, java.runtime.version=1.8.0_172-b11, basedir=/Users/davidpetro/Documents/courses/java/java-playground/spring/cloud/lab-8/zipkin-server, java.awt.graphicsenv=sun.awt.CGraphicsEnvironment, java.endorsed.dirs=/Library/Java/JavaVirtualMachines/jdk1.8.0_172.jdk/Contents/Home/jre/lib/endorsed, os.arch=x86_64, surefire.real.class.path=/Users/davidpetro/Documents/courses/java/java-playground/spring/cloud/lab-8/zipkin-server/target/surefire/surefirebooter1214563769581427680.jar, java.io.tmpdir=/var/folders/52/w4ftptf55bd78htrhz51xnbw0000gn/T/, line.separator=
, java.vm.specification.vendor=Oracle Corporation, os.name=Mac OS X, sun.jnu.encoding=UTF-8, java.library.path=/Users/davidpetro/Library/Java/Extensions:/Library/Java/Extensions:/Network/Library/Java/Extensions:/System/Library/Java/Extensions:/usr/lib/java:., surefire.test.class.path=/Users/davidpetro/Documents/courses/java/java-playground/spring/cloud/lab-8/zipkin-server/target/test-classes:/Users/davidpetro/Documents/courses/java/java-playground/spring/cloud/lab-8/zipkin-server/target/classes:/Users/davidpetro/.m2/repository/org/springframework/cloud/spring-cloud-config-server/1.3.4.RELEASE/spring-cloud-config-server-1.3.4.RELEASE.jar:/Users/davidpetro/.m2/repository/org/springframework/cloud/spring-cloud-config-client/1.3.4.RELEASE/spring-cloud-config-client-1.3.4.RELEASE.jar:/Users/davidpetro/.m2/repository/org/springframework/cloud/spring-cloud-commons/1.2.5.RELEASE/spring-cloud-commons-1.2.5.RELEASE.jar:/Users/davidpetro/.m2/repository/org/springframework/cloud/spring-cloud-context/1.2.5.RELEASE/spring-cloud-context-1.2.5.RELEASE.jar:/Users/davidpetro/.m2/repository/org/springframework/spring-web/5.0.4.RELEASE/spring-web-5.0.4.RELEASE.jar:/Users/davidpetro/.m2/repository/org/springframework/spring-beans/5.0.4.RELEASE/spring-beans-5.0.4.RELEASE.jar:/Users/davidpetro/.m2/repository/com/fasterxml/jackson/core/jackson-annotations/2.9.0/jackson-annotations-2.9.0.jar:/Users/davidpetro/.m2/repository/com/fasterxml/jackson/core/jackson-databind/2.9.4/jackson-databind-2.9.4.jar:/Users/davidpetro/.m2/repository/org/springframework/boot/spring-boot-starter-actuator/2.0.0.RELEASE/spring-boot-starter-actuator-2.0.0.RELEASE.jar:/Users/davidpetro/.m2/repository/org/springframework/boot/spring-boot-actuator-autoconfigure/2.0.0.RELEASE/spring-boot-actuator-autoconfigure-2.0.0.RELEASE.jar:/Users/davidpetro/.m2/repository/org/springframework/boot/spring-boot-actuator/2.0.0.RELEASE/spring-boot-actuator-2.0.0.RELEASE.jar:/Users/davidpetro/.m2/repository/org/springframework/spring-context/5.0.4.RELEASE/spring-context-5.0.4.RELEASE.jar:/Users/davidpetro/.m2/repository/com/fasterxml/jackson/datatype/jackson-datatype-jsr310/2.9.4/jackson-datatype-jsr310-2.9.4.jar:/Users/davidpetro/.m2/repository/io/micrometer/micrometer-core/1.0.1/micrometer-core-1.0.1.jar:/Users/davidpetro/.m2/repository/org/hdrhistogram/HdrHistogram/2.1.10/HdrHistogram-2.1.10.jar:/Users/davidpetro/.m2/repository/org/latencyutils/LatencyUtils/2.0.3/LatencyUtils-2.0.3.jar:/Users/davidpetro/.m2/repository/org/springframework/boot/spring-boot-starter-web/2.0.0.RELEASE/spring-boot-starter-web-2.0.0.RELEASE.jar:/Users/davidpetro/.m2/repository/org/springframework/boot/spring-boot-starter-json/2.0.0.RELEASE/spring-boot-starter-json-2.0.0.RELEASE.jar:/Users/davidpetro/.m2/repository/com/fasterxml/jackson/datatype/jackson-datatype-jdk8/2.9.4/jackson-datatype-jdk8-2.9.4.jar:/Users/davidpetro/.m2/repository/com/fasterxml/jackson/module/jackson-module-parameter-names/2.9.4/jackson-module-parameter-names-2.9.4.jar:/Users/davidpetro/.m2/repository/org/springframework/boot/spring-boot-starter-tomcat/2.0.0.RELEASE/spring-boot-starter-tomcat-2.0.0.RELEASE.jar:/Users/davidpetro/.m2/repository/org/apache/tomcat/embed/tomcat-embed-core/8.5.28/tomcat-embed-core-8.5.28.jar:/Users/davidpetro/.m2/repository/org/apache/tomcat/embed/tomcat-embed-el/8.5.28/tomcat-embed-el-8.5.28.jar:/Users/davidpetro/.m2/repository/org/apache/tomcat/embed/tomcat-embed-websocket/8.5.28/tomcat-embed-websocket-8.5.28.jar:/Users/davidpetro/.m2/repository/org/hibernate/validator/hibernate-validator/6.0.7.Final/hibernate-validator-6.0.7.Final.jar:/Users/davidpetro/.m2/repository/javax/validation/validation-api/2.0.1.Final/validation-api-2.0.1.Final.jar:/Users/davidpetro/.m2/repository/org/jboss/logging/jboss-logging/3.3.2.Final/jboss-logging-3.3.2.Final.jar:/Users/davidpetro/.m2/repository/com/fasterxml/classmate/1.3.4/classmate-1.3.4.jar:/Users/davidpetro/.m2/repository/org/springframework/spring-webmvc/5.0.4.RELEASE/spring-webmvc-5.0.4.RELEASE.jar:/Users/davidpetro/.m2/repository/org/springframework/spring-aop/5.0.4.RELEASE/spring-aop-5.0.4.RELEASE.jar:/Users/davidpetro/.m2/repository/org/springframework/spring-expression/5.0.4.RELEASE/spring-expression-5.0.4.RELEASE.jar:/Users/davidpetro/.m2/repository/org/springframework/security/spring-security-crypto/5.0.3.RELEASE/spring-security-crypto-5.0.3.RELEASE.jar:/Users/davidpetro/.m2/repository/org/springframework/security/spring-security-rsa/1.0.3.RELEASE/spring-security-rsa-1.0.3.RELEASE.jar:/Users/davidpetro/.m2/repository/org/bouncycastle/bcpkix-jdk15on/1.55/bcpkix-jdk15on-1.55.jar:/Users/davidpetro/.m2/repository/org/bouncycastle/bcprov-jdk15on/1.55/bcprov-jdk15on-1.55.jar:/Users/davidpetro/.m2/repository/org/eclipse/jgit/org.eclipse.jgit/3.6.1.201501031845-r/org.eclipse.jgit-3.6.1.201501031845-r.jar:/Users/davidpetro/.m2/repository/com/jcraft/jsch/0.1.54/jsch-0.1.54.jar:/Users/davidpetro/.m2/repository/com/googlecode/javaewah/JavaEWAH/0.7.9/JavaEWAH-0.7.9.jar:/Users/davidpetro/.m2/repository/org/apache/httpcomponents/httpclient/4.5.5/httpclient-4.5.5.jar:/Users/davidpetro/.m2/repository/org/apache/httpcomponents/httpcore/4.4.9/httpcore-4.4.9.jar:/Users/davidpetro/.m2/repository/commons-codec/commons-codec/1.11/commons-codec-1.11.jar:/Users/davidpetro/.m2/repository/org/yaml/snakeyaml/1.19/snakeyaml-1.19.jar:/Users/davidpetro/.m2/repository/org/springframework/cloud/spring-cloud-starter-eureka/1.3.6.RELEASE/spring-cloud-starter-eureka-1.3.6.RELEASE.jar:/Users/davidpetro/.m2/repository/org/springframework/cloud/spring-cloud-starter/1.2.5.RELEASE/spring-cloud-starter-1.2.5.RELEASE.jar:/Users/davidpetro/.m2/repository/org/springframework/cloud/spring-cloud-netflix-core/1.3.6.RELEASE/spring-cloud-netflix-core-1.3.6.RELEASE.jar:/Users/davidpetro/.m2/repository/org/springframework/boot/spring-boot/2.0.0.RELEASE/spring-boot-2.0.0.RELEASE.jar:/Users/davidpetro/.m2/repository/org/springframework/cloud/spring-cloud-netflix-eureka-client/1.3.6.RELEASE/spring-cloud-netflix-eureka-client-1.3.6.RELEASE.jar:/Users/davidpetro/.m2/repository/com/netflix/eureka/eureka-client/1.6.2/eureka-client-1.6.2.jar:/Users/davidpetro/.m2/repository/org/codehaus/jettison/jettison/1.3.7/jettison-1.3.7.jar:/Users/davidpetro/.m2/repository/stax/stax-api/1.0.1/stax-api-1.0.1.jar:/Users/davidpetro/.m2/repository/com/netflix/netflix-commons/netflix-eventbus/0.3.0/netflix-eventbus-0.3.0.jar:/Users/davidpetro/.m2/repository/com/netflix/netflix-commons/netflix-infix/0.3.0/netflix-infix-0.3.0.jar:/Users/davidpetro/.m2/repository/commons-jxpath/commons-jxpath/1.3/commons-jxpath-1.3.jar:/Users/davidpetro/.m2/repository/joda-time/joda-time/2.9.9/joda-time-2.9.9.jar:/Users/davidpetro/.m2/repository/org/antlr/antlr-runtime/3.4/antlr-runtime-3.4.jar:/Users/davidpetro/.m2/repository/org/antlr/stringtemplate/3.2.1/stringtemplate-3.2.1.jar:/Users/davidpetro/.m2/repository/antlr/antlr/2.7.7/antlr-2.7.7.jar:/Users/davidpetro/.m2/repository/com/google/code/gson/gson/2.8.2/gson-2.8.2.jar:/Users/davidpetro/.m2/repository/org/apache/commons/commons-math/2.2/commons-math-2.2.jar:/Users/davidpetro/.m2/repository/com/netflix/archaius/archaius-core/0.7.4/archaius-core-0.7.4.jar:/Users/davidpetro/.m2/repository/javax/ws/rs/jsr311-api/1.1.1/jsr311-api-1.1.1.jar:/Users/davidpetro/.m2/repository/com/netflix/servo/servo-core/0.10.1/servo-core-0.10.1.jar:/Users/davidpetro/.m2/repository/com/netflix/servo/servo-internal/0.10.1/servo-internal-0.10.1.jar:/Users/davidpetro/.m2/repository/com/sun/jersey/jersey-core/1.19.1/jersey-core-1.19.1.jar:/Users/davidpetro/.m2/repository/com/sun/jersey/jersey-client/1.19.1/jersey-client-1.19.1.jar:/Users/davidpetro/.m2/repository/com/sun/jersey/contribs/jersey-apache-client4/1.19.1/jersey-apache-client4-1.19.1.jar:/Users/davidpetro/.m2/repository/com/google/inject/guice/4.1.0/guice-4.1.0.jar:/Users/davidpetro/.m2/repository/javax/inject/javax.inject/1/javax.inject-1.jar:/Users/davidpetro/.m2/repository/aopalliance/aopalliance/1.0/aopalliance-1.0.jar:/Users/davidpetro/.m2/repository/com/fasterxml/jackson/core/jackson-core/2.9.4/jackson-core-2.9.4.jar:/Users/davidpetro/.m2/repository/com/netflix/eureka/eureka-core/1.6.2/eureka-core-1.6.2.jar:/Users/davidpetro/.m2/repository/org/codehaus/woodstox/woodstox-core-asl/4.4.1/woodstox-core-asl-4.4.1.jar:/Users/davidpetro/.m2/repository/javax/xml/stream/stax-api/1.0-2/stax-api-1.0-2.jar:/Users/davidpetro/.m2/repository/org/codehaus/woodstox/stax2-api/3.1.4/stax2-api-3.1.4.jar:/Users/davidpetro/.m2/repository/org/springframework/cloud/spring-cloud-starter-archaius/1.3.6.RELEASE/spring-cloud-starter-archaius-1.3.6.RELEASE.jar:/Users/davidpetro/.m2/repository/commons-configuration/commons-configuration/1.8/commons-configuration-1.8.jar:/Users/davidpetro/.m2/repository/commons-lang/commons-lang/2.6/commons-lang-2.6.jar:/Users/davidpetro/.m2/repository/com/google/guava/guava/18.0/guava-18.0.jar:/Users/davidpetro/.m2/repository/org/springframework/cloud/spring-cloud-starter-ribbon/1.3.6.RELEASE/spring-cloud-starter-ribbon-1.3.6.RELEASE.jar:/Users/davidpetro/.m2/repository/com/netflix/ribbon/ribbon/2.2.2/ribbon-2.2.2.jar:/Users/davidpetro/.m2/repository/com/netflix/ribbon/ribbon-transport/2.2.2/ribbon-transport-2.2.2.jar:/Users/davidpetro/.m2/repository/io/reactivex/rxnetty-contexts/0.4.9/rxnetty-contexts-0.4.9.jar:/Users/davidpetro/.m2/repository/io/reactivex/rxnetty-servo/0.4.9/rxnetty-servo-0.4.9.jar:/Users/davidpetro/.m2/repository/com/netflix/hystrix/hystrix-core/1.5.12/hystrix-core-1.5.12.jar:/Users/davidpetro/.m2/repository/io/reactivex/rxnetty/0.4.9/rxnetty-0.4.9.jar:/Users/davidpetro/.m2/repository/io/netty/netty-codec-http/4.1.22.Final/netty-codec-http-4.1.22.Final.jar:/Users/davidpetro/.m2/repository/io/netty/netty-codec/4.1.22.Final/netty-codec-4.1.22.Final.jar:/Users/davidpetro/.m2/repository/io/netty/netty-transport-native-epoll/4.1.22.Final/netty-transport-native-epoll-4.1.22.Final.jar:/Users/davidpetro/.m2/repository/io/netty/netty-common/4.1.22.Final/netty-common-4.1.22.Final.jar:/Users/davidpetro/.m2/repository/io/netty/netty-buffer/4.1.22.Final/netty-buffer-4.1.22.Final.jar:/Users/davidpetro/.m2/repository/io/netty/netty-transport-native-unix-common/4.1.22.Final/netty-transport-native-unix-common-4.1.22.Final.jar:/Users/davidpetro/.m2/repository/io/netty/netty-transport/4.1.22.Final/netty-transport-4.1.22.Final.jar:/Users/davidpetro/.m2/repository/io/netty/netty-resolver/4.1.22.Final/netty-resolver-4.1.22.Final.jar:/Users/davidpetro/.m2/repository/com/netflix/ribbon/ribbon-core/2.2.2/ribbon-core-2.2.2.jar:/Users/davidpetro/.m2/repository/com/netflix/ribbon/ribbon-httpclient/2.2.2/ribbon-httpclient-2.2.2.jar:/Users/davidpetro/.m2/repository/commons-collections/commons-collections/3.2.1/commons-collections-3.2.1.jar:/Users/davidpetro/.m2/repository/com/netflix/netflix-commons/netflix-commons-util/0.1.1/netflix-commons-util-0.1.1.jar:/Users/davidpetro/.m2/repository/com/netflix/ribbon/ribbon-loadbalancer/2.2.2/ribbon-loadbalancer-2.2.2.jar:/Users/davidpetro/.m2/repository/com/netflix/netflix-commons/netflix-statistics/0.1.1/netflix-statistics-0.1.1.jar:/Users/davidpetro/.m2/repository/io/reactivex/rxjava/1.3.6/rxjava-1.3.6.jar:/Users/davidpetro/.m2/repository/com/netflix/ribbon/ribbon-eureka/2.2.2/ribbon-eureka-2.2.2.jar:/Users/davidpetro/.m2/repository/org/slf4j/slf4j-api/1.7.25/slf4j-api-1.7.25.jar:/Users/davidpetro/.m2/repository/com/thoughtworks/xstream/xstream/1.4.9/xstream-1.4.9.jar:/Users/davidpetro/.m2/repository/xmlpull/xmlpull/1.1.3.1/xmlpull-1.1.3.1.jar:/Users/davidpetro/.m2/repository/xpp3/xpp3_min/1.1.4c/xpp3_min-1.1.4c.jar:/Users/davidpetro/.m2/repository/org/springframework/cloud/spring-cloud-starter-bus-amqp/1.3.1.RELEASE/spring-cloud-starter-bus-amqp-1.3.1.RELEASE.jar:/Users/davidpetro/.m2/repository/org/springframework/cloud/spring-cloud-starter-stream-rabbit/1.2.1.RELEASE/spring-cloud-starter-stream-rabbit-1.2.1.RELEASE.jar:/Users/davidpetro/.m2/repository/org/springframework/cloud/spring-cloud-stream-binder-rabbit/1.2.1.RELEASE/spring-cloud-stream-binder-rabbit-1.2.1.RELEASE.jar:/Users/davidpetro/.m2/repository/org/springframework/cloud/spring-cloud-stream-binder-rabbit-core/1.2.1.RELEASE/spring-cloud-stream-binder-rabbit-core-1.2.1.RELEASE.jar:/Users/davidpetro/.m2/repository/org/springframework/cloud/spring-cloud-stream-codec/1.2.2.RELEASE/spring-cloud-stream-codec-1.2.2.RELEASE.jar:/Users/davidpetro/.m2/repository/com/esotericsoftware/kryo-shaded/3.0.3/kryo-shaded-3.0.3.jar:/Users/davidpetro/.m2/repository/com/esotericsoftware/minlog/1.3.0/minlog-1.3.0.jar:/Users/davidpetro/.m2/repository/org/springframework/boot/spring-boot-starter-amqp/2.0.0.RELEASE/spring-boot-starter-amqp-2.0.0.RELEASE.jar:/Users/davidpetro/.m2/repository/org/springframework/amqp/spring-rabbit/2.0.2.RELEASE/spring-rabbit-2.0.2.RELEASE.jar:/Users/davidpetro/.m2/repository/org/springframework/amqp/spring-amqp/2.0.2.RELEASE/spring-amqp-2.0.2.RELEASE.jar:/Users/davidpetro/.m2/repository/com/rabbitmq/amqp-client/5.1.2/amqp-client-5.1.2.jar:/Users/davidpetro/.m2/repository/com/rabbitmq/http-client/1.3.1.RELEASE/http-client-1.3.1.RELEASE.jar:/Users/davidpetro/.m2/repository/org/springframework/integration/spring-integration-amqp/5.0.3.RELEASE/spring-integration-amqp-5.0.3.RELEASE.jar:/Users/davidpetro/.m2/repository/org/springframework/cloud/spring-cloud-bus/1.3.1.RELEASE/spring-cloud-bus-1.3.1.RELEASE.jar:/Users/davidpetro/.m2/repository/org/springframework/cloud/spring-cloud-stream/1.2.2.RELEASE/spring-cloud-stream-1.2.2.RELEASE.jar:/Users/davidpetro/.m2/repository/org/springframework/boot/spring-boot-starter-validation/2.0.0.RELEASE/spring-boot-starter-validation-2.0.0.RELEASE.jar:/Users/davidpetro/.m2/repository/org/springframework/spring-messaging/5.0.4.RELEASE/spring-messaging-5.0.4.RELEASE.jar:/Users/davidpetro/.m2/repository/org/springframework/integration/spring-integration-jmx/5.0.3.RELEASE/spring-integration-jmx-5.0.3.RELEASE.jar:/Users/davidpetro/.m2/repository/org/springframework/spring-tuple/1.0.0.RELEASE/spring-tuple-1.0.0.RELEASE.jar:/Users/davidpetro/.m2/repository/org/springframework/integration/spring-integration-tuple/1.0.0.RELEASE/spring-integration-tuple-1.0.0.RELEASE.jar:/Users/davidpetro/.m2/repository/org/springframework/retry/spring-retry/1.2.2.RELEASE/spring-retry-1.2.2.RELEASE.jar:/Users/davidpetro/.m2/repository/org/springframework/integration/spring-integration-core/5.0.3.RELEASE/spring-integration-core-5.0.3.RELEASE.jar:/Users/davidpetro/.m2/repository/org/springframework/spring-tx/5.0.4.RELEASE/spring-tx-5.0.4.RELEASE.jar:/Users/davidpetro/.m2/repository/io/projectreactor/reactor-core/3.1.5.RELEASE/reactor-core-3.1.5.RELEASE.jar:/Users/davidpetro/.m2/repository/org/reactivestreams/reactive-streams/1.0.2/reactive-streams-1.0.2.jar:/Users/davidpetro/.m2/repository/io/zipkin/java/zipkin-server/2.2.2/zipkin-server-2.2.2.jar:/Users/davidpetro/.m2/repository/io/zipkin/zipkin2/zipkin/2.2.2/zipkin-2.2.2.jar:/Users/davidpetro/.m2/repository/io/zipkin/java/zipkin/2.2.1/zipkin-2.2.1.jar:/Users/davidpetro/.m2/repository/io/zipkin/java/zipkin-autoconfigure-ui/2.2.2/zipkin-autoconfigure-ui-2.2.2.jar:/Users/davidpetro/.m2/repository/io/zipkin/java/zipkin-ui/2.2.2/zipkin-ui-2.2.2.jar:/Users/davidpetro/.m2/repository/org/springframework/boot/spring-boot-autoconfigure/2.0.0.RELEASE/spring-boot-autoconfigure-2.0.0.RELEASE.jar:/Users/davidpetro/.m2/repository/org/springframework/boot/spring-boot-starter-test/2.0.0.RELEASE/spring-boot-starter-test-2.0.0.RELEASE.jar:/Users/davidpetro/.m2/repository/org/springframework/boot/spring-boot-starter/2.0.0.RELEASE/spring-boot-starter-2.0.0.RELEASE.jar:/Users/davidpetro/.m2/repository/org/springframework/boot/spring-boot-starter-logging/2.0.0.RELEASE/spring-boot-starter-logging-2.0.0.RELEASE.jar:/Users/davidpetro/.m2/repository/ch/qos/logback/logback-classic/1.2.3/logback-classic-1.2.3.jar:/Users/davidpetro/.m2/repository/ch/qos/logback/logback-core/1.2.3/logback-core-1.2.3.jar:/Users/davidpetro/.m2/repository/org/apache/logging/log4j/log4j-to-slf4j/2.10.0/log4j-to-slf4j-2.10.0.jar:/Users/davidpetro/.m2/repository/org/apache/logging/log4j/log4j-api/2.10.0/log4j-api-2.10.0.jar:/Users/davidpetro/.m2/repository/org/slf4j/jul-to-slf4j/1.7.25/jul-to-slf4j-1.7.25.jar:/Users/davidpetro/.m2/repository/javax/annotation/javax.annotation-api/1.3.2/javax.annotation-api-1.3.2.jar:/Users/davidpetro/.m2/repository/org/springframework/boot/spring-boot-test/2.0.0.RELEASE/spring-boot-test-2.0.0.RELEASE.jar:/Users/davidpetro/.m2/repository/org/springframework/boot/spring-boot-test-autoconfigure/2.0.0.RELEASE/spring-boot-test-autoconfigure-2.0.0.RELEASE.jar:/Users/davidpetro/.m2/repository/com/jayway/jsonpath/json-path/2.4.0/json-path-2.4.0.jar:/Users/davidpetro/.m2/repository/net/minidev/json-smart/2.3/json-smart-2.3.jar:/Users/davidpetro/.m2/repository/net/minidev/accessors-smart/1.2/accessors-smart-1.2.jar:/Users/davidpetro/.m2/repository/org/ow2/asm/asm/5.0.4/asm-5.0.4.jar:/Users/davidpetro/.m2/repository/junit/junit/4.12/junit-4.12.jar:/Users/davidpetro/.m2/repository/org/assertj/assertj-core/3.9.1/assertj-core-3.9.1.jar:/Users/davidpetro/.m2/repository/org/mockito/mockito-core/2.15.0/mockito-core-2.15.0.jar:/Users/davidpetro/.m2/repository/net/bytebuddy/byte-buddy/1.7.10/byte-buddy-1.7.10.jar:/Users/davidpetro/.m2/repository/net/bytebuddy/byte-buddy-agent/1.7.10/byte-buddy-agent-1.7.10.jar:/Users/davidpetro/.m2/repository/org/objenesis/objenesis/2.6/objenesis-2.6.jar:/Users/davidpetro/.m2/repository/org/hamcrest/hamcrest-core/1.3/hamcrest-core-1.3.jar:/Users/davidpetro/.m2/repository/org/hamcrest/hamcrest-library/1.3/hamcrest-library-1.3.jar:/Users/davidpetro/.m2/repository/org/skyscreamer/jsonassert/1.5.0/jsonassert-1.5.0.jar:/Users/davidpetro/.m2/repository/com/vaadin/external/google/android-json/0.0.20131108.vaadin1/android-json-0.0.20131108.vaadin1.jar:/Users/davidpetro/.m2/repository/org/springframework/spring-core/5.0.4.RELEASE/spring-core-5.0.4.RELEASE.jar:/Users/davidpetro/.m2/repository/org/springframework/spring-jcl/5.0.4.RELEASE/spring-jcl-5.0.4.RELEASE.jar:/Users/davidpetro/.m2/repository/org/springframework/spring-test/5.0.4.RELEASE/spring-test-5.0.4.RELEASE.jar:/Users/davidpetro/.m2/repository/org/xmlunit/xmlunit-core/2.5.1/xmlunit-core-2.5.1.jar:, java.specification.name=Java Platform API Specification, java.class.version=52.0, sun.management.compiler=HotSpot 64-Bit Tiered Compilers, os.version=10.13.5, http.nonProxyHosts=local|*.local|169.254/16|*.169.254/16, user.home=/Users/davidpetro, user.timezone=America/Sao_Paulo, java.awt.printerjob=sun.lwawt.macosx.CPrinterJob, file.encoding=UTF-8, java.specification.version=1.8, java.class.path=/Users/davidpetro/Documents/courses/java/java-playground/spring/cloud/lab-8/zipkin-server/target/test-classes:/Users/davidpetro/Documents/courses/java/java-playground/spring/cloud/lab-8/zipkin-server/target/classes:/Users/davidpetro/.m2/repository/org/springframework/cloud/spring-cloud-config-server/1.3.4.RELEASE/spring-cloud-config-server-1.3.4.RELEASE.jar:/Users/davidpetro/.m2/repository/org/springframework/cloud/spring-cloud-config-client/1.3.4.RELEASE/spring-cloud-config-client-1.3.4.RELEASE.jar:/Users/davidpetro/.m2/repository/org/springframework/cloud/spring-cloud-commons/1.2.5.RELEASE/spring-cloud-commons-1.2.5.RELEASE.jar:/Users/davidpetro/.m2/repository/org/springframework/cloud/spring-cloud-context/1.2.5.RELEASE/spring-cloud-context-1.2.5.RELEASE.jar:/Users/davidpetro/.m2/repository/org/springframework/spring-web/5.0.4.RELEASE/spring-web-5.0.4.RELEASE.jar:/Users/davidpetro/.m2/repository/org/springframework/spring-beans/5.0.4.RELEASE/spring-beans-5.0.4.RELEASE.jar:/Users/davidpetro/.m2/repository/com/fasterxml/jackson/core/jackson-annotations/2.9.0/jackson-annotations-2.9.0.jar:/Users/davidpetro/.m2/repository/com/fasterxml/jackson/core/jackson-databind/2.9.4/jackson-databind-2.9.4.jar:/Users/davidpetro/.m2/repository/org/springframework/boot/spring-boot-starter-actuator/2.0.0.RELEASE/spring-boot-starter-actuator-2.0.0.RELEASE.jar:/Users/davidpetro/.m2/repository/org/springframework/boot/spring-boot-actuator-autoconfigure/2.0.0.RELEASE/spring-boot-actuator-autoconfigure-2.0.0.RELEASE.jar:/Users/davidpetro/.m2/repository/org/springframework/boot/spring-boot-actuator/2.0.0.RELEASE/spring-boot-actuator-2.0.0.RELEASE.jar:/Users/davidpetro/.m2/repository/org/springframework/spring-context/5.0.4.RELEASE/spring-context-5.0.4.RELEASE.jar:/Users/davidpetro/.m2/repository/com/fasterxml/jackson/datatype/jackson-datatype-jsr310/2.9.4/jackson-datatype-jsr310-2.9.4.jar:/Users/davidpetro/.m2/repository/io/micrometer/micrometer-core/1.0.1/micrometer-core-1.0.1.jar:/Users/davidpetro/.m2/repository/org/hdrhistogram/HdrHistogram/2.1.10/HdrHistogram-2.1.10.jar:/Users/davidpetro/.m2/repository/org/latencyutils/LatencyUtils/2.0.3/LatencyUtils-2.0.3.jar:/Users/davidpetro/.m2/repository/org/springframework/boot/spring-boot-starter-web/2.0.0.RELEASE/spring-boot-starter-web-2.0.0.RELEASE.jar:/Users/davidpetro/.m2/repository/org/springframework/boot/spring-boot-starter-json/2.0.0.RELEASE/spring-boot-starter-json-2.0.0.RELEASE.jar:/Users/davidpetro/.m2/repository/com/fasterxml/jackson/datatype/jackson-datatype-jdk8/2.9.4/jackson-datatype-jdk8-2.9.4.jar:/Users/davidpetro/.m2/repository/com/fasterxml/jackson/module/jackson-module-parameter-names/2.9.4/jackson-module-parameter-names-2.9.4.jar:/Users/davidpetro/.m2/repository/org/springframework/boot/spring-boot-starter-tomcat/2.0.0.RELEASE/spring-boot-starter-tomcat-2.0.0.RELEASE.jar:/Users/davidpetro/.m2/repository/org/apache/tomcat/embed/tomcat-embed-core/8.5.28/tomcat-embed-core-8.5.28.jar:/Users/davidpetro/.m2/repository/org/apache/tomcat/embed/tomcat-embed-el/8.5.28/tomcat-embed-el-8.5.28.jar:/Users/davidpetro/.m2/repository/org/apache/tomcat/embed/tomcat-embed-websocket/8.5.28/tomcat-embed-websocket-8.5.28.jar:/Users/davidpetro/.m2/repository/org/hibernate/validator/hibernate-validator/6.0.7.Final/hibernate-validator-6.0.7.Final.jar:/Users/davidpetro/.m2/repository/javax/validation/validation-api/2.0.1.Final/validation-api-2.0.1.Final.jar:/Users/davidpetro/.m2/repository/org/jboss/logging/jboss-logging/3.3.2.Final/jboss-logging-3.3.2.Final.jar:/Users/davidpetro/.m2/repository/com/fasterxml/classmate/1.3.4/classmate-1.3.4.jar:/Users/davidpetro/.m2/repository/org/springframework/spring-webmvc/5.0.4.RELEASE/spring-webmvc-5.0.4.RELEASE.jar:/Users/davidpetro/.m2/repository/org/springframework/spring-aop/5.0.4.RELEASE/spring-aop-5.0.4.RELEASE.jar:/Users/davidpetro/.m2/repository/org/springframework/spring-expression/5.0.4.RELEASE/spring-expression-5.0.4.RELEASE.jar:/Users/davidpetro/.m2/repository/org/springframework/security/spring-security-crypto/5.0.3.RELEASE/spring-security-crypto-5.0.3.RELEASE.jar:/Users/davidpetro/.m2/repository/org/springframework/security/spring-security-rsa/1.0.3.RELEASE/spring-security-rsa-1.0.3.RELEASE.jar:/Users/davidpetro/.m2/repository/org/bouncycastle/bcpkix-jdk15on/1.55/bcpkix-jdk15on-1.55.jar:/Users/davidpetro/.m2/repository/org/bouncycastle/bcprov-jdk15on/1.55/bcprov-jdk15on-1.55.jar:/Users/davidpetro/.m2/repository/org/eclipse/jgit/org.eclipse.jgit/3.6.1.201501031845-r/org.eclipse.jgit-3.6.1.201501031845-r.jar:/Users/davidpetro/.m2/repository/com/jcraft/jsch/0.1.54/jsch-0.1.54.jar:/Users/davidpetro/.m2/repository/com/googlecode/javaewah/JavaEWAH/0.7.9/JavaEWAH-0.7.9.jar:/Users/davidpetro/.m2/repository/org/apache/httpcomponents/httpclient/4.5.5/httpclient-4.5.5.jar:/Users/davidpetro/.m2/repository/org/apache/httpcomponents/httpcore/4.4.9/httpcore-4.4.9.jar:/Users/davidpetro/.m2/repository/commons-codec/commons-codec/1.11/commons-codec-1.11.jar:/Users/davidpetro/.m2/repository/org/yaml/snakeyaml/1.19/snakeyaml-1.19.jar:/Users/davidpetro/.m2/repository/org/springframework/cloud/spring-cloud-starter-eureka/1.3.6.RELEASE/spring-cloud-starter-eureka-1.3.6.RELEASE.jar:/Users/davidpetro/.m2/repository/org/springframework/cloud/spring-cloud-starter/1.2.5.RELEASE/spring-cloud-starter-1.2.5.RELEASE.jar:/U
[...]
ramework/spring-tuple/1.0.0.RELEASE/spring-tuple-1.0.0.RELEASE.jar:/Users/davidpetro/.m2/repository/org/springframework/integration/spring-integration-tuple/1.0.0.RELEASE/spring-integration-tuple-1.0.0.RELEASE.jar:/Users/davidpetro/.m2/repository/org/springframework/retry/spring-retry/1.2.2.RELEASE/spring-retry-1.2.2.RELEASE.jar:/Users/davidpetro/.m2/repository/org/springframework/integration/spring-integration-core/5.0.3.RELEASE/spring-integration-core-5.0.3.RELEASE.jar:/Users/davidpetro/.m2/repository/org/springframework/spring-tx/5.0.4.RELEASE/spring-tx-5.0.4.RELEASE.jar:/Users/davidpetro/.m2/repository/io/projectreactor/reactor-core/3.1.5.RELEASE/reactor-core-3.1.5.RELEASE.jar:/Users/davidpetro/.m2/repository/org/reactivestreams/reactive-streams/1.0.2/reactive-streams-1.0.2.jar:/Users/davidpetro/.m2/repository/io/zipkin/java/zipkin-server/2.2.2/zipkin-server-2.2.2.jar:/Users/davidpetro/.m2/repository/io/zipkin/zipkin2/zipkin/2.2.2/zipkin-2.2.2.jar:/Users/davidpetro/.m2/repository/io/zipkin/java/zipkin/2.2.1/zipkin-2.2.1.jar:/Users/davidpetro/.m2/repository/io/zipkin/java/zipkin-autoconfigure-ui/2.2.2/zipkin-autoconfigure-ui-2.2.2.jar:/Users/davidpetro/.m2/repository/io/zipkin/java/zipkin-ui/2.2.2/zipkin-ui-2.2.2.jar:/Users/davidpetro/.m2/repository/org/springframework/boot/spring-boot-autoconfigure/2.0.0.RELEASE/spring-boot-autoconfigure-2.0.0.RELEASE.jar:/Users/davidpetro/.m2/repository/org/springframework/boot/spring-boot-starter-test/2.0.0.RELEASE/spring-boot-starter-test-2.0.0.RELEASE.jar:/Users/davidpetro/.m2/repository/org/springframework/boot/spring-boot-starter/2.0.0.RELEASE/spring-boot-starter-2.0.0.RELEASE.jar:/Users/davidpetro/.m2/repository/org/springframework/boot/spring-boot-starter-logging/2.0.0.RELEASE/spring-boot-starter-logging-2.0.0.RELEASE.jar:/Users/davidpetro/.m2/repository/ch/qos/logback/logback-classic/1.2.3/logback-classic-1.2.3.jar:/Users/davidpetro/.m2/repository/ch/qos/logback/logback-core/1.2.3/logback-core-1.2.3.jar:/Users/davidpetro/.m2/repository/org/apache/logging/log4j/log4j-to-slf4j/2.10.0/log4j-to-slf4j-2.10.0.jar:/Users/davidpetro/.m2/repository/org/apache/logging/log4j/log4j-api/2.10.0/log4j-api-2.10.0.jar:/Users/davidpetro/.m2/repository/org/slf4j/jul-to-slf4j/1.7.25/jul-to-slf4j-1.7.25.jar:/Users/davidpetro/.m2/repository/javax/annotation/javax.annotation-api/1.3.2/javax.annotation-api-1.3.2.jar:/Users/davidpetro/.m2/repository/org/springframework/boot/spring-boot-test/2.0.0.RELEASE/spring-boot-test-2.0.0.RELEASE.jar:/Users/davidpetro/.m2/repository/org/springframework/boot/spring-boot-test-autoconfigure/2.0.0.RELEASE/spring-boot-test-autoconfigure-2.0.0.RELEASE.jar:/Users/davidpetro/.m2/repository/com/jayway/jsonpath/json-path/2.4.0/json-path-2.4.0.jar:/Users/davidpetro/.m2/repository/net/minidev/json-smart/2.3/json-smart-2.3.jar:/Users/davidpetro/.m2/repository/net/minidev/accessors-smart/1.2/accessors-smart-1.2.jar:/Users/davidpetro/.m2/repository/org/ow2/asm/asm/5.0.4/asm-5.0.4.jar:/Users/davidpetro/.m2/repository/junit/junit/4.12/junit-4.12.jar:/Users/davidpetro/.m2/repository/org/assertj/assertj-core/3.9.1/assertj-core-3.9.1.jar:/Users/davidpetro/.m2/repository/org/mockito/mockito-core/2.15.0/mockito-core-2.15.0.jar:/Users/davidpetro/.m2/repository/net/bytebuddy/byte-buddy/1.7.10/byte-buddy-1.7.10.jar:/Users/davidpetro/.m2/repository/net/bytebuddy/byte-buddy-agent/1.7.10/byte-buddy-agent-1.7.10.jar:/Users/davidpetro/.m2/repository/org/objenesis/objenesis/2.6/objenesis-2.6.jar:/Users/davidpetro/.m2/repository/org/hamcrest/hamcrest-core/1.3/hamcrest-core-1.3.jar:/Users/davidpetro/.m2/repository/org/hamcrest/hamcrest-library/1.3/hamcrest-library-1.3.jar:/Users/davidpetro/.m2/repository/org/skyscreamer/jsonassert/1.5.0/jsonassert-1.5.0.jar:/Users/davidpetro/.m2/repository/com/vaadin/external/google/android-json/0.0.20131108.vaadin1/android-json-0.0.20131108.vaadin1.jar:/Users/davidpetro/.m2/repository/org/springframework/spring-core/5.0.4.RELEASE/spring-core-5.0.4.RELEASE.jar:/Users/davidpetro/.m2/repository/org/springframework/spring-jcl/5.0.4.RELEASE/spring-jcl-5.0.4.RELEASE.jar:/Users/davidpetro/.m2/repository/org/springframework/spring-test/5.0.4.RELEASE/spring-test-5.0.4.RELEASE.jar:/Users/davidpetro/.m2/repository/org/xmlunit/xmlunit-core/2.5.1/xmlunit-core-2.5.1.jar:, user.name=davidpetro, java.vm.specification.version=1.8, sun.java.command=/Users/davidpetro/Documents/courses/java/java-playground/spring/cloud/lab-8/zipkin-server/target/surefire/surefirebooter1214563769581427680.jar /Users/davidpetro/Documents/courses/java/java-playground/spring/cloud/lab-8/zipkin-server/target/surefire 2018-07-09T23-37-42_238-jvmRun1 surefire1432790700452933446tmp surefire_09133934535553610092tmp, java.home=/Library/Java/JavaVirtualMachines/jdk1.8.0_172.jdk/Contents/Home/jre, sun.arch.data.model=64, user.language=en, java.specification.vendor=Oracle Corporation, awt.toolkit=sun.lwawt.macosx.LWCToolkit, java.vm.info=mixed mode, java.version=1.8.0_172, java.ext.dirs=/Users/davidpetro/Library/Java/Extensions:/Library/Java/JavaVirtualMachines/jdk1.8.0_172.jdk/Contents/Home/jre/lib/ext:/Library/Java/Extensions:/Network/Library/Java/Extensions:/System/Library/Java/Extensions:/usr/lib/java, sun.boot.class.path=/Library/Java/JavaVirtualMachines/jdk1.8.0_172.jdk/Contents/Home/jre/lib/resources.jar:/Library/Java/JavaVirtualMachines/jdk1.8.0_172.jdk/Contents/Home/jre/lib/rt.jar:/Library/Java/JavaVirtualMachines/jdk1.8.0_172.jdk/Contents/Home/jre/lib/sunrsasign.jar:/Library/Java/JavaVirtualMachines/jdk1.8.0_172.jdk/Contents/Home/jre/lib/jsse.jar:/Library/Java/JavaVirtualMachines/jdk1.8.0_172.jdk/Contents/Home/jre/lib/jce.jar:/Library/Java/JavaVirtualMachines/jdk1.8.0_172.jdk/Contents/Home/jre/lib/charsets.jar:/Library/Java/JavaVirtualMachines/jdk1.8.0_172.jdk/Contents/Home/jre/lib/jfr.jar:/Library/Java/JavaVirtualMachines/jdk1.8.0_172.jdk/Contents/Home/jre/classes, java.vendor=Oracle Corporation, localRepository=/Users/davidpetro/.m2/repository, file.separator=/, java.vendor.url.bug=http://bugreport.sun.com/bugreport/, sun.io.unicode.encoding=UnicodeBig, sun.cpu.endian=little, socksNonProxyHosts=local|*.local|169.254/16|*.169.254/16, ftp.nonProxyHosts=local|*.local|169.254/16|*.169.254/16, sun.cpu.isalist=}}, SystemEnvironmentPropertySource@635371680 {name='systemEnvironment', properties={PATH=/Users/davidpetro/.jenv/shims:/usr/local/bin:/usr/bin:/bin:/usr/sbin:/sbin, SHELL=/bin/bash, JAVA_HOME=/Library/Java/JavaVirtualMachines/jdk1.8.0_172.jdk/Contents/Home, OLDPWD=/Users/davidpetro/Documents/courses/java/java-playground/spring/cloud/lab-8/zipkin-server, VERSIONER_PYTHON_PREFER_32_BIT=no, USER=davidpetro, TMPDIR=/var/folders/52/w4ftptf55bd78htrhz51xnbw0000gn/T/, SSH_AUTH_SOCK=/private/tmp/com.apple.launchd.IZ1lmKYNvU/Listeners, XPC_FLAGS=0x0, VERSIONER_PYTHON_VERSION=2.7, JAVA_MAIN_CLASS_1684=org.apache.maven.surefire.booter.ForkedBooter, __CF_USER_TEXT_ENCODING=0x1F5:0x0:0x0, Apple_PubSub_Socket_Render=/private/tmp/com.apple.launchd.qtmzrBNDp3/Render, LOGNAME=davidpetro, LC_CTYPE=en_US.UTF-8, XPC_SERVICE_NAME=0, PWD=/Users/davidpetro/Documents/courses/java/java-playground/spring/cloud/lab-8/zipkin-server, JAVA_MAIN_CLASS_1676=org.codehaus.classworlds.Launcher, HOME=/Users/davidpetro, SHLVL=1, _=/Library/Java/JavaVirtualMachines/jdk1.8.0_172.jdk/Contents/Home/jre/bin/java, JENV_LOADED=1}}]
23:37:47.045 [main] DEBUG org.springframework.test.context.support.TestPropertySourceUtils - Adding inlined properties to environment: {spring.jmx.enabled=false, org.springframework.boot.test.context.SpringBootTestContextBootstrapper=true, server.port=-1}
23:37:47.049 [main] DEBUG org.springframework.core.env.StandardEnvironment - Adding PropertySource 'Inlined Test Properties' with highest search precedence
23:37:47.122 [main] DEBUG org.springframework.boot.context.logging.ClasspathLoggingApplicationListener - Application failed to start with classpath: [file:/Users/davidpetro/Documents/courses/java/java-playground/spring/cloud/lab-8/zipkin-server/target/surefire/surefirebooter1214563769581427680.jar]
23:37:47.163 [background-preinit] DEBUG org.jboss.logging - Logging Provider: org.jboss.logging.Log4j2LoggerProvider
23:37:47.166 [background-preinit] INFO org.hibernate.validator.internal.util.Version - HV000001: Hibernate Validator 6.0.7.Final
23:37:47.183 [background-preinit] DEBUG org.hibernate.validator.internal.engine.resolver.TraversableResolvers - Cannot find javax.persistence.Persistence on classpath. Assuming non JPA 2 environment. All properties will per default be traversable.
23:37:47.193 [background-preinit] DEBUG org.hibernate.validator.internal.xml.ValidationXmlParser - Trying to load META-INF/validation.xml for XML based Validator configuration.
23:37:47.196 [background-preinit] DEBUG org.hibernate.validator.internal.xml.ResourceLoaderHelper - Trying to load META-INF/validation.xml via TCCL
23:37:47.197 [background-preinit] DEBUG org.hibernate.validator.internal.xml.ResourceLoaderHelper - Trying to load META-INF/validation.xml via Hibernate Validator's class loader
23:37:47.197 [background-preinit] DEBUG org.hibernate.validator.internal.xml.ValidationXmlParser - No META-INF/validation.xml found. Using annotation based configuration only.
23:37:47.557 [background-preinit] DEBUG org.hibernate.validator.messageinterpolation.ResourceBundleMessageInterpolator - Loaded expression factory via original TCCL
23:37:47.563 [background-preinit] DEBUG org.hibernate.validator.internal.engine.ValidatorFactoryImpl - HV000234: Using org.hibernate.validator.messageinterpolation.ResourceBundleMessageInterpolator as ValidatorFactory-scoped message interpolator.
23:37:47.564 [background-preinit] DEBUG org.hibernate.validator.internal.engine.ValidatorFactoryImpl - HV000234: Using org.hibernate.validator.internal.engine.resolver.TraverseAllTraversableResolver as ValidatorFactory-scoped traversable resolver.
23:37:47.564 [background-preinit] DEBUG org.hibernate.validator.internal.engine.ValidatorFactoryImpl - HV000234: Using org.hibernate.validator.internal.util.ExecutableParameterNameProvider as ValidatorFactory-scoped parameter name provider.
23:37:47.564 [background-preinit] DEBUG org.hibernate.validator.internal.engine.ValidatorFactoryImpl - HV000234: Using org.hibernate.validator.internal.engine.DefaultClockProvider as ValidatorFactory-scoped clock provider.
23:37:47.565 [background-preinit] DEBUG org.hibernate.validator.internal.engine.ValidatorFactoryImpl - HV000234: Using org.hibernate.validator.internal.engine.scripting.DefaultScriptEvaluatorFactory as ValidatorFactory-scoped script evaluator factory.
23:37:48.545 [main] ERROR org.springframework.boot.SpringApplication - Application run failed
java.lang.NoSuchMethodError: org.springframework.boot.builder.SpringApplicationBuilder.<init>([Ljava/lang/Object;)V
	at org.springframework.cloud.bootstrap.BootstrapApplicationListener.bootstrapServiceContext(BootstrapApplicationListener.java:157)
	at org.springframework.cloud.bootstrap.BootstrapApplicationListener.onApplicationEvent(BootstrapApplicationListener.java:98)
	at org.springframework.cloud.bootstrap.BootstrapApplicationListener.onApplicationEvent(BootstrapApplicationListener.java:64)
	at org.springframework.context.event.SimpleApplicationEventMulticaster.doInvokeListener(SimpleApplicationEventMulticaster.java:172)
	at org.springframework.context.event.SimpleApplicationEventMulticaster.invokeListener(SimpleApplicationEventMulticaster.java:165)
	at org.springframework.context.event.SimpleApplicationEventMulticaster.multicastEvent(SimpleApplicationEventMulticaster.java:139)
	at org.springframework.context.event.SimpleApplicationEventMulticaster.multicastEvent(SimpleApplicationEventMulticaster.java:127)
	at org.springframework.boot.context.event.EventPublishingRunListener.environmentPrepared(EventPublishingRunListener.java:74)
	at org.springframework.boot.SpringApplicationRunListeners.environmentPrepared(SpringApplicationRunListeners.java:54)
	at org.springframework.boot.SpringApplication.prepareEnvironment(SpringApplication.java:351)
	at org.springframework.boot.SpringApplication.run(SpringApplication.java:317)
	at org.springframework.boot.test.context.SpringBootContextLoader.loadContext(SpringBootContextLoader.java:138)
	at org.springframework.test.context.cache.DefaultCacheAwareContextLoaderDelegate.loadContextInternal(DefaultCacheAwareContextLoaderDelegate.java:99)
	at org.springframework.test.context.cache.DefaultCacheAwareContextLoaderDelegate.loadContext(DefaultCacheAwareContextLoaderDelegate.java:117)
	at org.springframework.test.context.support.DefaultTestContext.getApplicationContext(DefaultTestContext.java:107)
	at org.springframework.test.context.web.ServletTestExecutionListener.setUpRequestContextIfNecessary(ServletTestExecutionListener.java:190)
	at org.springframework.test.context.web.ServletTestExecutionListener.prepareTestInstance(ServletTestExecutionListener.java:132)
	at org.springframework.test.context.TestContextManager.prepareTestInstance(TestContextManager.java:242)
	at org.springframework.test.context.junit4.SpringJUnit4ClassRunner.createTest(SpringJUnit4ClassRunner.java:227)
	at org.springframework.test.context.junit4.SpringJUnit4ClassRunner$1.runReflectiveCall(SpringJUnit4ClassRunner.java:289)
	at org.junit.internal.runners.model.ReflectiveCallable.run(ReflectiveCallable.java:12)
	at org.springframework.test.context.junit4.SpringJUnit4ClassRunner.methodBlock(SpringJUnit4ClassRunner.java:291)
	at org.springframework.test.context.junit4.SpringJUnit4ClassRunner.runChild(SpringJUnit4ClassRunner.java:246)
	at org.springframework.test.context.junit4.SpringJUnit4ClassRunner.runChild(SpringJUnit4ClassRunner.java:97)
	at org.junit.runners.ParentRunner$3.run(ParentRunner.java:290)
	at org.junit.runners.ParentRunner$1.schedule(ParentRunner.java:71)
	at org.junit.runners.ParentRunner.runChildren(ParentRunner.java:288)
	at org.junit.runners.ParentRunner.access$000(ParentRunner.java:58)
	at org.junit.runners.ParentRunner$2.evaluate(ParentRunner.java:268)
	at org.springframework.test.context.junit4.statements.RunBeforeTestClassCallbacks.evaluate(RunBeforeTestClassCallbacks.java:61)
	at org.springframework.test.context.junit4.statements.RunAfterTestClassCallbacks.evaluate(RunAfterTestClassCallbacks.java:70)
	at org.junit.runners.ParentRunner.run(ParentRunner.java:363)
	at org.springframework.test.context.junit4.SpringJUnit4ClassRunner.run(SpringJUnit4ClassRunner.java:190)
	at org.apache.maven.surefire.junit4.JUnit4Provider.execute(JUnit4Provider.java:369)
	at org.apache.maven.surefire.junit4.JUnit4Provider.executeWithRerun(JUnit4Provider.java:275)
	at org.apache.maven.surefire.junit4.JUnit4Provider.executeTestSet(JUnit4Provider.java:239)
	at org.apache.maven.surefire.junit4.JUnit4Provider.invoke(JUnit4Provider.java:160)
	at org.apache.maven.surefire.booter.ForkedBooter.invokeProviderInSameClassLoader(ForkedBooter.java:373)
	at org.apache.maven.surefire.booter.ForkedBooter.runSuitesInProcess(ForkedBooter.java:334)
	at org.apache.maven.surefire.booter.ForkedBooter.execute(ForkedBooter.java:119)
	at org.apache.maven.surefire.booter.ForkedBooter.main(ForkedBooter.java:407)
23:37:48.547 [main] ERROR org.springframework.test.context.TestContextManager - Caught exception while allowing TestExecutionListener [org.springframework.test.context.web.ServletTestExecutionListener@273444fe] to prepare test instance [com.lab8.zipkin.server.SpringCloudConfigServerApplicationTests@6c7a164b]
java.lang.NoSuchMethodError: org.springframework.boot.builder.SpringApplicationBuilder.<init>([Ljava/lang/Object;)V
	at org.springframework.cloud.bootstrap.BootstrapApplicationListener.bootstrapServiceContext(BootstrapApplicationListener.java:157)
	at org.springframework.cloud.bootstrap.BootstrapApplicationListener.onApplicationEvent(BootstrapApplicationListener.java:98)
	at org.springframework.cloud.bootstrap.BootstrapApplicationListener.onApplicationEvent(BootstrapApplicationListener.java:64)
	at org.springframework.context.event.SimpleApplicationEventMulticaster.doInvokeListener(SimpleApplicationEventMulticaster.java:172)
	at org.springframework.context.event.SimpleApplicationEventMulticaster.invokeListener(SimpleApplicationEventMulticaster.java:165)
	at org.springframework.context.event.SimpleApplicationEventMulticaster.multicastEvent(SimpleApplicationEventMulticaster.java:139)
	at org.springframework.context.event.SimpleApplicationEventMulticaster.multicastEvent(SimpleApplicationEventMulticaster.java:127)
	at org.springframework.boot.context.event.EventPublishingRunListener.environmentPrepared(EventPublishingRunListener.java:74)
	at org.springframework.boot.SpringApplicationRunListeners.environmentPrepared(SpringApplicationRunListeners.java:54)
	at org.springframework.boot.SpringApplication.prepareEnvironment(SpringApplication.java:351)
	at org.springframework.boot.SpringApplication.run(SpringApplication.java:317)
	at org.springframework.boot.test.context.SpringBootContextLoader.loadContext(SpringBootContextLoader.java:138)
	at org.springframework.test.context.cache.DefaultCacheAwareContextLoaderDelegate.loadContextInternal(DefaultCacheAwareContextLoaderDelegate.java:99)
	at org.springframework.test.context.cache.DefaultCacheAwareContextLoaderDelegate.loadContext(DefaultCacheAwareContextLoaderDelegate.java:117)
	at org.springframework.test.context.support.DefaultTestContext.getApplicationContext(DefaultTestContext.java:107)
	at org.springframework.test.context.web.ServletTestExecutionListener.setUpRequestContextIfNecessary(ServletTestExecutionListener.java:190)
	at org.springframework.test.context.web.ServletTestExecutionListener.prepareTestInstance(ServletTestExecutionListener.java:132)
	at org.springframework.test.context.TestContextManager.prepareTestInstance(TestContextManager.java:242)
	at org.springframework.test.context.junit4.SpringJUnit4ClassRunner.createTest(SpringJUnit4ClassRunner.java:227)
	at org.springframework.test.context.junit4.SpringJUnit4ClassRunner$1.runReflectiveCall(SpringJUnit4ClassRunner.java:289)
	at org.junit.internal.runners.model.ReflectiveCallable.run(ReflectiveCallable.java:12)
	at org.springframework.test.context.junit4.SpringJUnit4ClassRunner.methodBlock(SpringJUnit4ClassRunner.java:291)
	at org.springframework.test.context.junit4.SpringJUnit4ClassRunner.runChild(SpringJUnit4ClassRunner.java:246)
	at org.springframework.test.context.junit4.SpringJUnit4ClassRunner.runChild(SpringJUnit4ClassRunner.java:97)
	at org.junit.runners.ParentRunner$3.run(ParentRunner.java:290)
	at org.junit.runners.ParentRunner$1.schedule(ParentRunner.java:71)
	at org.junit.runners.ParentRunner.runChildren(ParentRunner.java:288)
	at org.junit.runners.ParentRunner.access$000(ParentRunner.java:58)
	at org.junit.runners.ParentRunner$2.evaluate(ParentRunner.java:268)
	at org.springframework.test.context.junit4.statements.RunBeforeTestClassCallbacks.evaluate(RunBeforeTestClassCallbacks.java:61)
	at org.springframework.test.context.junit4.statements.RunAfterTestClassCallbacks.evaluate(RunAfterTestClassCallbacks.java:70)
	at org.junit.runners.ParentRunner.run(ParentRunner.java:363)
	at org.springframework.test.context.junit4.SpringJUnit4ClassRunner.run(SpringJUnit4ClassRunner.java:190)
	at org.apache.maven.surefire.junit4.JUnit4Provider.execute(JUnit4Provider.java:369)
	at org.apache.maven.surefire.junit4.JUnit4Provider.executeWithRerun(JUnit4Provider.java:275)
	at org.apache.maven.surefire.junit4.JUnit4Provider.executeTestSet(JUnit4Provider.java:239)
	at org.apache.maven.surefire.junit4.JUnit4Provider.invoke(JUnit4Provider.java:160)
	at org.apache.maven.surefire.booter.ForkedBooter.invokeProviderInSameClassLoader(ForkedBooter.java:373)
	at org.apache.maven.surefire.booter.ForkedBooter.runSuitesInProcess(ForkedBooter.java:334)
	at org.apache.maven.surefire.booter.ForkedBooter.execute(ForkedBooter.java:119)
	at org.apache.maven.surefire.booter.ForkedBooter.main(ForkedBooter.java:407)
]]></system-out>
  </testcase>
</testsuite>